gpgv: Signature made Thu 21 Apr 2016 06:25:09 PM CDT
gpgv:                using DSA key 40976EAF437D05B5
gpgv: Good signature from "Ubuntu Archive Automatic Signing Key <ftpmaster@ubuntu.com>"
gpgv: Signature made Thu 21 Apr 2016 06:25:09 PM CDT
gpgv:                using RSA key 3B4FE6ACC0B21F32
gpgv: Good signature from "Ubuntu Archive Automatic Signing Key (2012) <ftpmaster@ubuntu.com>"
dpkg: warning: parsing file '/var/lib/dpkg/status' near line 4 package 'dpkg':
 missing description
dpkg: warning: parsing file '/var/lib/dpkg/status' near line 4 package 'dpkg':
 missing maintainer
dpkg: warning: parsing file '/var/lib/dpkg/status' near line 4 package 'dpkg':
 missing architecture
Selecting previously unselected package base-passwd.
(Reading database ... 0 files and directories currently installed.)
Preparing to unpack .../base-passwd_3.5.39_armhf.deb ...
Unpacking base-passwd (3.5.39) ...
dpkg: base-passwd: dependency problems, but configuring anyway as you requested:
 base-passwd depends on libc6 (>= 2.8); however:
  Package libc6 is not installed.
 base-passwd depends on libdebconfclient0 (>= 0.145); however:
  Package libdebconfclient0 is not installed.

Setting up base-passwd (3.5.39) ...
dpkg: warning: parsing file '/var/lib/dpkg/status' near line 23 package 'dpkg':
 missing description
dpkg: warning: parsing file '/var/lib/dpkg/status' near line 23 package 'dpkg':
 missing maintainer
dpkg: warning: parsing file '/var/lib/dpkg/status' near line 23 package 'dpkg':
 missing architecture
Selecting previously unselected package base-files.
dpkg: regarding .../base-files_9.4ubuntu4_armhf.deb containing base-files, pre-dependency problem:
 base-files pre-depends on awk
  awk is not installed.

dpkg: warning: ignoring pre-dependency problem!
(Reading database ... 41 files and directories currently installed.)
Preparing to unpack .../base-files_9.4ubuntu4_armhf.deb ...
Unpacking base-files (9.4ubuntu4) ...
dpkg: base-files: dependency problems, but configuring anyway as you requested:
 base-files depends on awk; however:
  Package awk is not installed.

Setting up base-files (9.4ubuntu4) ...
dpkg: warning: parsing file '/var/lib/dpkg/status' near line 55 package 'dpkg':
 missing description
dpkg: warning: parsing file '/var/lib/dpkg/status' near line 55 package 'dpkg':
 missing maintainer
dpkg: warning: parsing file '/var/lib/dpkg/status' near line 55 package 'dpkg':
 missing architecture
dpkg: regarding .../dpkg_1.18.4ubuntu1_armhf.deb containing dpkg, pre-dependency problem:
 dpkg pre-depends on libbz2-1.0
  libbz2-1.0 is not installed.

dpkg: warning: ignoring pre-dependency problem!
dpkg: regarding .../dpkg_1.18.4ubuntu1_armhf.deb containing dpkg, pre-dependency problem:
 dpkg pre-depends on libc6 (>= 2.11)
  libc6 is not installed.

dpkg: warning: ignoring pre-dependency problem!
dpkg: regarding .../dpkg_1.18.4ubuntu1_armhf.deb containing dpkg, pre-dependency problem:
 dpkg pre-depends on liblzma5 (>= 5.1.1alpha+20120614)
  liblzma5 is not installed.

dpkg: warning: ignoring pre-dependency problem!
dpkg: regarding .../dpkg_1.18.4ubuntu1_armhf.deb containing dpkg, pre-dependency problem:
 dpkg pre-depends on libselinux1 (>= 2.3)
  libselinux1 is not installed.

dpkg: warning: ignoring pre-dependency problem!
dpkg: regarding .../dpkg_1.18.4ubuntu1_armhf.deb containing dpkg, pre-dependency problem:
 dpkg pre-depends on zlib1g (>= 1:1.1.4)
  zlib1g is not installed.

dpkg: warning: ignoring pre-dependency problem!
dpkg: regarding .../dpkg_1.18.4ubuntu1_armhf.deb containing dpkg, pre-dependency problem:
 dpkg pre-depends on tar (>= 1.23)
  tar is not installed.

dpkg: warning: ignoring pre-dependency problem!
(Reading database ... 125 files and directories currently installed.)
Preparing to unpack .../dpkg_1.18.4ubuntu1_armhf.deb ...
Unpacking dpkg (1.18.4ubuntu1) over (1.18.4ubuntu1) ...
dpkg: dpkg: dependency problems, but configuring anyway as you requested:
 dpkg depends on libbz2-1.0; however:
  Package libbz2-1.0 is not installed.
 dpkg depends on libc6 (>= 2.11); however:
  Package libc6 is not installed.
 dpkg depends on liblzma5 (>= 5.1.1alpha+20120614); however:
  Package liblzma5 is not installed.
 dpkg depends on libselinux1 (>= 2.3); however:
  Package libselinux1 is not installed.
 dpkg depends on zlib1g (>= 1:1.1.4); however:
  Package zlib1g is not installed.
 dpkg depends on tar (>= 1.23); however:
  Package tar is not installed.

Setting up dpkg (1.18.4ubuntu1) ...
Selecting previously unselected package libc6:armhf.
(Reading database ... 378 files and directories currently installed.)
Preparing to unpack .../libc6_2.23-0ubuntu3_armhf.deb ...
Unpacking libc6:armhf (2.23-0ubuntu3) ...
dpkg: libc6:armhf: dependency problems, but configuring anyway as you requested:
 libc6:armhf depends on libgcc1; however:
  Package libgcc1 is not installed.

Setting up libc6:armhf (2.23-0ubuntu3) ...
Selecting previously unselected package perl-base.
(Reading database ... 693 files and directories currently installed.)
Preparing to unpack .../perl-base_5.22.1-9_armhf.deb ...
Unpacking perl-base (5.22.1-9) ...
Setting up perl-base (5.22.1-9) ...
Selecting previously unselected package mawk.
(Reading database ... 1276 files and directories currently installed.)
Preparing to unpack .../mawk_1.3.3-17ubuntu2_armhf.deb ...
Unpacking mawk (1.3.3-17ubuntu2) ...
Setting up mawk (1.3.3-17ubuntu2) ...
Selecting previously unselected package debconf.
(Reading database ... 1294 files and directories currently installed.)
Preparing to unpack .../debconf_1.5.58ubuntu1_all.deb ...
Unpacking debconf (1.5.58ubuntu1) ...
Setting up debconf (1.5.58ubuntu1) ...
Selecting previously unselected package adduser.
(Reading database ... 1474 files and directories currently installed.)
Preparing to unpack .../adduser_3.113+nmu3ubuntu4_all.deb ...
Unpacking adduser (3.113+nmu3ubuntu4) ...
Preparing to unpack .../base-files_9.4ubuntu4_armhf.deb ...
Unpacking base-files (9.4ubuntu4) over (9.4ubuntu4) ...
Preparing to unpack .../base-passwd_3.5.39_armhf.deb ...
Unpacking base-passwd (3.5.39) over (3.5.39) ...
Selecting previously unselected package bash.
dpkg: regarding .../bash_4.3-14ubuntu1_armhf.deb containing bash, pre-dependency problem:
 bash pre-depends on dash (>= 0.5.5.1-2.2)
  dash is not installed.

dpkg: warning: ignoring pre-dependency problem!
dpkg: regarding .../bash_4.3-14ubuntu1_armhf.deb containing bash, pre-dependency problem:
 bash pre-depends on libtinfo5
  libtinfo5 is not installed.

dpkg: warning: ignoring pre-dependency problem!
Preparing to unpack .../bash_4.3-14ubuntu1_armhf.deb ...
Unpacking bash (4.3-14ubuntu1) ...
Selecting previously unselected package bsdutils.
dpkg: regarding .../bsdutils_1%3a2.27.1-6ubuntu3_armhf.deb containing bsdutils, pre-dependency problem:
 bsdutils pre-depends on libsystemd0
  libsystemd0 is not installed.

dpkg: warning: ignoring pre-dependency problem!
Preparing to unpack .../bsdutils_1%3a2.27.1-6ubuntu3_armhf.deb ...
Unpacking bsdutils (1:2.27.1-6ubuntu3) ...
Selecting previously unselected package coreutils.
dpkg: regarding .../coreutils_8.25-2ubuntu2_armhf.deb containing coreutils, pre-dependency problem:
 coreutils pre-depends on libacl1 (>= 2.2.51-8)
  libacl1 is not installed.

dpkg: warning: ignoring pre-dependency problem!
dpkg: regarding .../coreutils_8.25-2ubuntu2_armhf.deb containing coreutils, pre-dependency problem:
 coreutils pre-depends on libattr1 (>= 1:2.4.46-8)
  libattr1 is not installed.

dpkg: warning: ignoring pre-dependency problem!
dpkg: regarding .../coreutils_8.25-2ubuntu2_armhf.deb containing coreutils, pre-dependency problem:
 coreutils pre-depends on libselinux1 (>= 2.1.13)
  libselinux1 is not installed.

dpkg: warning: ignoring pre-dependency problem!
Preparing to unpack .../coreutils_8.25-2ubuntu2_armhf.deb ...
Unpacking coreutils (8.25-2ubuntu2) ...
Selecting previously unselected package dash.
Preparing to unpack .../dash_0.5.8-2.1ubuntu2_armhf.deb ...
/bin/bash: warning: setlocale: LC_ALL: cannot change locale (en_US.UTF-8)
Adding 'diversion of /bin/sh to /bin/sh.distrib by dash'
Adding 'diversion of /usr/share/man/man1/sh.1.gz to /usr/share/man/man1/sh.distrib.1.gz by dash'
Unpacking dash (0.5.8-2.1ubuntu2) ...
Preparing to unpack .../debconf_1.5.58ubuntu1_all.deb ...
Unpacking debconf (1.5.58ubuntu1) over (1.5.58ubuntu1) ...
Selecting previously unselected package debianutils.
Preparing to unpack .../debianutils_4.7_armhf.deb ...
Unpacking debianutils (4.7) ...
Selecting previously unselected package diffutils.
Preparing to unpack .../diffutils_1%3a3.3-3_armhf.deb ...
Unpacking diffutils (1:3.3-3) ...
dpkg: regarding .../dpkg_1.18.4ubuntu1_armhf.deb containing dpkg, pre-dependency problem:
 dpkg pre-depends on libbz2-1.0
  libbz2-1.0 is not installed.

dpkg: warning: ignoring pre-dependency problem!
dpkg: regarding .../dpkg_1.18.4ubuntu1_armhf.deb containing dpkg, pre-dependency problem:
 dpkg pre-depends on liblzma5 (>= 5.1.1alpha+20120614)
  liblzma5 is not installed.

dpkg: warning: ignoring pre-dependency problem!
dpkg: regarding .../dpkg_1.18.4ubuntu1_armhf.deb containing dpkg, pre-dependency problem:
 dpkg pre-depends on libselinux1 (>= 2.3)
  libselinux1 is not installed.

dpkg: warning: ignoring pre-dependency problem!
dpkg: regarding .../dpkg_1.18.4ubuntu1_armhf.deb containing dpkg, pre-dependency problem:
 dpkg pre-depends on zlib1g (>= 1:1.1.4)
  zlib1g is not installed.

dpkg: warning: ignoring pre-dependency problem!
dpkg: regarding .../dpkg_1.18.4ubuntu1_armhf.deb containing dpkg, pre-dependency problem:
 dpkg pre-depends on tar (>= 1.23)
  tar is not installed.

dpkg: warning: ignoring pre-dependency problem!
Preparing to unpack .../dpkg_1.18.4ubuntu1_armhf.deb ...
Unpacking dpkg (1.18.4ubuntu1) over (1.18.4ubuntu1) ...
Selecting previously unselected package e2fslibs:armhf.
Preparing to unpack .../e2fslibs_1.42.13-1ubuntu1_armhf.deb ...
Unpacking e2fslibs:armhf (1.42.13-1ubuntu1) ...
Selecting previously unselected package e2fsprogs.
dpkg: regarding .../e2fsprogs_1.42.13-1ubuntu1_armhf.deb containing e2fsprogs, pre-dependency problem:
 e2fsprogs pre-depends on e2fslibs (= 1.42.13-1ubuntu1)
  e2fslibs:armhf is unpacked, but has never been configured.

dpkg: warning: ignoring pre-dependency problem!
dpkg: regarding .../e2fsprogs_1.42.13-1ubuntu1_armhf.deb containing e2fsprogs, pre-dependency problem:
 e2fsprogs pre-depends on libblkid1 (>= 2.17.2)
  libblkid1 is not installed.

dpkg: warning: ignoring pre-dependency problem!
dpkg: regarding .../e2fsprogs_1.42.13-1ubuntu1_armhf.deb containing e2fsprogs, pre-dependency problem:
 e2fsprogs pre-depends on libcomerr2 (>= 1.42~WIP-2011-10-05-1)
  libcomerr2 is not installed.

dpkg: warning: ignoring pre-dependency problem!
dpkg: regarding .../e2fsprogs_1.42.13-1ubuntu1_armhf.deb containing e2fsprogs, pre-dependency problem:
 e2fsprogs pre-depends on libss2 (>= 1.34-1)
  libss2 is not installed.

dpkg: warning: ignoring pre-dependency problem!
dpkg: regarding .../e2fsprogs_1.42.13-1ubuntu1_armhf.deb containing e2fsprogs, pre-dependency problem:
 e2fsprogs pre-depends on libuuid1 (>= 2.16)
  libuuid1 is not installed.

dpkg: warning: ignoring pre-dependency problem!
dpkg: regarding .../e2fsprogs_1.42.13-1ubuntu1_armhf.deb containing e2fsprogs, pre-dependency problem:
 e2fsprogs pre-depends on util-linux (>= 2.15~rc1-1)
  util-linux is not installed.

dpkg: warning: ignoring pre-dependency problem!
Preparing to unpack .../e2fsprogs_1.42.13-1ubuntu1_armhf.deb ...
Unpacking e2fsprogs (1.42.13-1ubuntu1) ...
Selecting previously unselected package findutils.
dpkg: regarding .../findutils_4.6.0+git+20160126-2_armhf.deb containing findutils, pre-dependency problem:
 findutils pre-depends on libselinux1 (>= 1.32)
  libselinux1 is not installed.

dpkg: warning: ignoring pre-dependency problem!
Preparing to unpack .../findutils_4.6.0+git+20160126-2_armhf.deb ...
Unpacking findutils (4.6.0+git+20160126-2) ...
Selecting previously unselected package gcc-6-base:armhf.
Preparing to unpack .../gcc-6-base_6.0.1-0ubuntu1_armhf.deb ...
Unpacking gcc-6-base:armhf (6.0.1-0ubuntu1) ...
Selecting previously unselected package grep.
dpkg: regarding .../archives/grep_2.24-1_armhf.deb containing grep, pre-dependency problem:
 grep pre-depends on libpcre3
  libpcre3 is not installed.

dpkg: warning: ignoring pre-dependency problem!
Preparing to unpack .../archives/grep_2.24-1_armhf.deb ...
Unpacking grep (2.24-1) ...
Selecting previously unselected package gzip.
Preparing to unpack .../gzip_1.6-4ubuntu1_armhf.deb ...
Unpacking gzip (1.6-4ubuntu1) ...
Selecting previously unselected package hostname.
dpkg: regarding .../hostname_3.16ubuntu2_armhf.deb containing hostname, pre-dependency problem:
 hostname pre-depends on lsb-base (>= 4.1+Debian11ubuntu7)
  lsb-base is not installed.

dpkg: warning: ignoring pre-dependency problem!
Preparing to unpack .../hostname_3.16ubuntu2_armhf.deb ...
Unpacking hostname (3.16ubuntu2) ...
Selecting previously unselected package init.
dpkg: regarding .../init_1.29ubuntu1_armhf.deb containing init, pre-dependency problem:
 init pre-depends on systemd-sysv | upstart-sysv
  systemd-sysv is not installed.
  upstart-sysv is not installed.

dpkg: warning: ignoring pre-dependency problem!
Preparing to unpack .../init_1.29ubuntu1_armhf.deb ...
Unpacking init (1.29ubuntu1) ...
Selecting previously unselected package init-system-helpers.
Preparing to unpack .../init-system-helpers_1.29ubuntu1_all.deb ...
Unpacking init-system-helpers (1.29ubuntu1) ...
Selecting previously unselected package initscripts.
Preparing to unpack .../initscripts_2.88dsf-59.3ubuntu2_armhf.deb ...
Unpacking initscripts (2.88dsf-59.3ubuntu2) ...
Selecting previously unselected package insserv.
Preparing to unpack .../insserv_1.14.0-5ubuntu3_armhf.deb ...
Unpacking insserv (1.14.0-5ubuntu3) ...
Selecting previously unselected package libacl1:armhf.
Preparing to unpack .../libacl1_2.2.52-3_armhf.deb ...
Unpacking libacl1:armhf (2.2.52-3) ...
Selecting previously unselected package libapparmor1:armhf.
Preparing to unpack .../libapparmor1_2.10.95-0ubuntu2_armhf.deb ...
Unpacking libapparmor1:armhf (2.10.95-0ubuntu2) ...
Selecting previously unselected package libattr1:armhf.
dpkg: regarding .../libattr1_1%3a2.4.47-2_armhf.deb containing libattr1:armhf, pre-dependency problem:
 libattr1 pre-depends on multiarch-support
  multiarch-support is not installed.

dpkg: warning: ignoring pre-dependency problem!
Preparing to unpack .../libattr1_1%3a2.4.47-2_armhf.deb ...
Unpacking libattr1:armhf (1:2.4.47-2) ...
Selecting previously unselected package libaudit-common.
Preparing to unpack .../libaudit-common_1%3a2.4.5-1ubuntu2_all.deb ...
Unpacking libaudit-common (1:2.4.5-1ubuntu2) ...
Selecting previously unselected package libaudit1:armhf.
Preparing to unpack .../libaudit1_1%3a2.4.5-1ubuntu2_armhf.deb ...
Unpacking libaudit1:armhf (1:2.4.5-1ubuntu2) ...
Selecting previously unselected package libblkid1:armhf.
Preparing to unpack .../libblkid1_2.27.1-6ubuntu3_armhf.deb ...
Unpacking libblkid1:armhf (2.27.1-6ubuntu3) ...
Selecting previously unselected package libbz2-1.0:armhf.
Preparing to unpack .../libbz2-1.0_1.0.6-8_armhf.deb ...
Unpacking libbz2-1.0:armhf (1.0.6-8) ...
Selecting previously unselected package libc-bin.
Preparing to unpack .../libc-bin_2.23-0ubuntu3_armhf.deb ...
Unpacking libc-bin (2.23-0ubuntu3) ...
Preparing to unpack .../libc6_2.23-0ubuntu3_armhf.deb ...
Unpacking libc6:armhf (2.23-0ubuntu3) over (2.23-0ubuntu3) ...
Selecting previously unselected package libcap2:armhf.
Preparing to unpack .../libcap2_1%3a2.24-12_armhf.deb ...
Unpacking libcap2:armhf (1:2.24-12) ...
Selecting previously unselected package libcap2-bin.
Preparing to unpack .../libcap2-bin_1%3a2.24-12_armhf.deb ...
Unpacking libcap2-bin (1:2.24-12) ...
Selecting previously unselected package libcomerr2:armhf.
Preparing to unpack .../libcomerr2_1.42.13-1ubuntu1_armhf.deb ...
Unpacking libcomerr2:armhf (1.42.13-1ubuntu1) ...
Selecting previously unselected package libcryptsetup4:armhf.
Preparing to unpack .../libcryptsetup4_2%3a1.6.6-5ubuntu2_armhf.deb ...
Unpacking libcryptsetup4:armhf (2:1.6.6-5ubuntu2) ...
Selecting previously unselected package libdb5.3:armhf.
Preparing to unpack .../libdb5.3_5.3.28-11_armhf.deb ...
Unpacking libdb5.3:armhf (5.3.28-11) ...
Selecting previously unselected package libdebconfclient0:armhf.
Preparing to unpack .../libdebconfclient0_0.198ubuntu1_armhf.deb ...
Unpacking libdebconfclient0:armhf (0.198ubuntu1) ...
Selecting previously unselected package libdevmapper1.02.1:armhf.
Preparing to unpack .../libdevmapper1.02.1_2%3a1.02.110-1ubuntu10_armhf.deb ...
Unpacking libdevmapper1.02.1:armhf (2:1.02.110-1ubuntu10) ...
Selecting previously unselected package libfdisk1:armhf.
Preparing to unpack .../libfdisk1_2.27.1-6ubuntu3_armhf.deb ...
Unpacking libfdisk1:armhf (2.27.1-6ubuntu3) ...
Selecting previously unselected package libgcc1:armhf.
Preparing to unpack .../libgcc1_1%3a6.0.1-0ubuntu1_armhf.deb ...
Unpacking libgcc1:armhf (1:6.0.1-0ubuntu1) ...
Selecting previously unselected package libgcrypt20:armhf.
Preparing to unpack .../libgcrypt20_1.6.5-2_armhf.deb ...
Unpacking libgcrypt20:armhf (1.6.5-2) ...
Selecting previously unselected package libgpg-error0:armhf.
Preparing to unpack .../libgpg-error0_1.21-2ubuntu1_armhf.deb ...
Unpacking libgpg-error0:armhf (1.21-2ubuntu1) ...
Selecting previously unselected package libkmod2:armhf.
Preparing to unpack .../libkmod2_22-1ubuntu4_armhf.deb ...
Unpacking libkmod2:armhf (22-1ubuntu4) ...
Selecting previously unselected package liblzma5:armhf.
dpkg: regarding .../liblzma5_5.1.1alpha+20120614-2ubuntu2_armhf.deb containing liblzma5:armhf, pre-dependency problem:
 liblzma5 pre-depends on multiarch-support
  multiarch-support is not installed.

dpkg: warning: ignoring pre-dependency problem!
Preparing to unpack .../liblzma5_5.1.1alpha+20120614-2ubuntu2_armhf.deb ...
Unpacking liblzma5:armhf (5.1.1alpha+20120614-2ubuntu2) ...
Selecting previously unselected package libmount1:armhf.
Preparing to unpack .../libmount1_2.27.1-6ubuntu3_armhf.deb ...
Unpacking libmount1:armhf (2.27.1-6ubuntu3) ...
Selecting previously unselected package libncurses5:armhf.
Preparing to unpack .../libncurses5_6.0+20160213-1ubuntu1_armhf.deb ...
Unpacking libncurses5:armhf (6.0+20160213-1ubuntu1) ...
Selecting previously unselected package libncursesw5:armhf.
Preparing to unpack .../libncursesw5_6.0+20160213-1ubuntu1_armhf.deb ...
Unpacking libncursesw5:armhf (6.0+20160213-1ubuntu1) ...
Selecting previously unselected package libpam-modules:armhf.
dpkg: regarding .../libpam-modules_1.1.8-3.2ubuntu2_armhf.deb containing libpam-modules:armhf, pre-dependency problem:
 libpam-modules pre-depends on libaudit1 (>= 1:2.2.1)
  libaudit1:armhf is unpacked, but has never been configured.

dpkg: warning: ignoring pre-dependency problem!
dpkg: regarding .../libpam-modules_1.1.8-3.2ubuntu2_armhf.deb containing libpam-modules:armhf, pre-dependency problem:
 libpam-modules pre-depends on libdb5.3
  libdb5.3:armhf is unpacked, but has never been configured.

dpkg: warning: ignoring pre-dependency problem!
dpkg: regarding .../libpam-modules_1.1.8-3.2ubuntu2_armhf.deb containing libpam-modules:armhf, pre-dependency problem:
 libpam-modules pre-depends on libpam0g (>= 1.1.3-2)
  libpam0g is not installed.

dpkg: warning: ignoring pre-dependency problem!
dpkg: regarding .../libpam-modules_1.1.8-3.2ubuntu2_armhf.deb containing libpam-modules:armhf, pre-dependency problem:
 libpam-modules pre-depends on libselinux1 (>= 2.1.9)
  libselinux1 is not installed.

dpkg: warning: ignoring pre-dependency problem!
dpkg: regarding .../libpam-modules_1.1.8-3.2ubuntu2_armhf.deb containing libpam-modules:armhf, pre-dependency problem:
 libpam-modules pre-depends on libpam-modules-bin (= 1.1.8-3.2ubuntu2)
  libpam-modules-bin is not installed.

dpkg: warning: ignoring pre-dependency problem!
Preparing to unpack .../libpam-modules_1.1.8-3.2ubuntu2_armhf.deb ...
Unpacking libpam-modules:armhf (1.1.8-3.2ubuntu2) ...
Selecting previously unselected package libpam-modules-bin.
Preparing to unpack .../libpam-modules-bin_1.1.8-3.2ubuntu2_armhf.deb ...
Unpacking libpam-modules-bin (1.1.8-3.2ubuntu2) ...
Selecting previously unselected package libpam-runtime.
Preparing to unpack .../libpam-runtime_1.1.8-3.2ubuntu2_all.deb ...
Unpacking libpam-runtime (1.1.8-3.2ubuntu2) ...
Selecting previously unselected package libpam0g:armhf.
Preparing to unpack .../libpam0g_1.1.8-3.2ubuntu2_armhf.deb ...
Unpacking libpam0g:armhf (1.1.8-3.2ubuntu2) ...
Selecting previously unselected package libpcre3:armhf.
dpkg: regarding .../libpcre3_2%3a8.38-3.1_armhf.deb containing libpcre3:armhf, pre-dependency problem:
 libpcre3 pre-depends on multiarch-support
  multiarch-support is not installed.

dpkg: warning: ignoring pre-dependency problem!
Preparing to unpack .../libpcre3_2%3a8.38-3.1_armhf.deb ...
Unpacking libpcre3:armhf (2:8.38-3.1) ...
Selecting previously unselected package libprocps4:armhf.
Preparing to unpack .../libprocps4_2%3a3.3.10-4ubuntu2_armhf.deb ...
Unpacking libprocps4:armhf (2:3.3.10-4ubuntu2) ...
Selecting previously unselected package libseccomp2:armhf.
Preparing to unpack .../libseccomp2_2.2.3-3ubuntu3_armhf.deb ...
Unpacking libseccomp2:armhf (2.2.3-3ubuntu3) ...
Selecting previously unselected package libselinux1:armhf.
Preparing to unpack .../libselinux1_2.4-3build2_armhf.deb ...
Unpacking libselinux1:armhf (2.4-3build2) ...
Selecting previously unselected package libsemanage-common.
Preparing to unpack .../libsemanage-common_2.3-1build3_all.deb ...
Unpacking libsemanage-common (2.3-1build3) ...
Selecting previously unselected package libsemanage1:armhf.
Preparing to unpack .../libsemanage1_2.3-1build3_armhf.deb ...
Unpacking libsemanage1:armhf (2.3-1build3) ...
Selecting previously unselected package libsepol1:armhf.
Preparing to unpack .../libsepol1_2.4-2_armhf.deb ...
Unpacking libsepol1:armhf (2.4-2) ...
Selecting previously unselected package libsmartcols1:armhf.
Preparing to unpack .../libsmartcols1_2.27.1-6ubuntu3_armhf.deb ...
Unpacking libsmartcols1:armhf (2.27.1-6ubuntu3) ...
Selecting previously unselected package libss2:armhf.
Preparing to unpack .../libss2_1.42.13-1ubuntu1_armhf.deb ...
Unpacking libss2:armhf (1.42.13-1ubuntu1) ...
Selecting previously unselected package libsystemd0:armhf.
dpkg: regarding .../libsystemd0_229-4ubuntu4_armhf.deb containing libsystemd0:armhf, pre-dependency problem:
 libsystemd0 pre-depends on libgcc1 (>= 1:3.5)
  libgcc1:armhf is unpacked, but has never been configured.

dpkg: warning: ignoring pre-dependency problem!
dpkg: regarding .../libsystemd0_229-4ubuntu4_armhf.deb containing libsystemd0:armhf, pre-dependency problem:
 libsystemd0 pre-depends on libgcrypt20 (>= 1.6.1)
  libgcrypt20:armhf is unpacked, but has never been configured.

dpkg: warning: ignoring pre-dependency problem!
dpkg: regarding .../libsystemd0_229-4ubuntu4_armhf.deb containing libsystemd0:armhf, pre-dependency problem:
 libsystemd0 pre-depends on liblzma5 (>= 5.1.1alpha+20120614)
  liblzma5:armhf is unpacked, but has never been configured.

dpkg: warning: ignoring pre-dependency problem!
dpkg: regarding .../libsystemd0_229-4ubuntu4_armhf.deb containing libsystemd0:armhf, pre-dependency problem:
 libsystemd0 pre-depends on libselinux1 (>= 1.32)
  libselinux1:armhf is unpacked, but has never been configured.

dpkg: warning: ignoring pre-dependency problem!
Preparing to unpack .../libsystemd0_229-4ubuntu4_armhf.deb ...
Unpacking libsystemd0:armhf (229-4ubuntu4) ...
Selecting previously unselected package libtinfo5:armhf.
Preparing to unpack .../libtinfo5_6.0+20160213-1ubuntu1_armhf.deb ...
Unpacking libtinfo5:armhf (6.0+20160213-1ubuntu1) ...
Selecting previously unselected package libudev1:armhf.
Preparing to unpack .../libudev1_229-4ubuntu4_armhf.deb ...
Unpacking libudev1:armhf (229-4ubuntu4) ...
Selecting previously unselected package libustr-1.0-1:armhf.
Preparing to unpack .../libustr-1.0-1_1.0.4-5_armhf.deb ...
Unpacking libustr-1.0-1:armhf (1.0.4-5) ...
Selecting previously unselected package libuuid1:armhf.
Preparing to unpack .../libuuid1_2.27.1-6ubuntu3_armhf.deb ...
Unpacking libuuid1:armhf (2.27.1-6ubuntu3) ...
Selecting previously unselected package locales.
Preparing to unpack .../locales_2.23-0ubuntu3_all.deb ...
Unpacking locales (2.23-0ubuntu3) ...
Selecting previously unselected package login.
dpkg: regarding .../login_1%3a4.2-3.1ubuntu5_armhf.deb containing login, pre-dependency problem:
 login pre-depends on libaudit1 (>= 1:2.2.1)
  libaudit1:armhf is unpacked, but has never been configured.

dpkg: warning: ignoring pre-dependency problem!
dpkg: regarding .../login_1%3a4.2-3.1ubuntu5_armhf.deb containing login, pre-dependency problem:
 login pre-depends on libpam0g (>= 0.99.7.1)
  libpam0g:armhf is unpacked, but has never been configured.

dpkg: warning: ignoring pre-dependency problem!
dpkg: regarding .../login_1%3a4.2-3.1ubuntu5_armhf.deb containing login, pre-dependency problem:
 login pre-depends on libpam-runtime
  libpam-runtime is unpacked, but has never been configured.

dpkg: warning: ignoring pre-dependency problem!
dpkg: regarding .../login_1%3a4.2-3.1ubuntu5_armhf.deb containing login, pre-dependency problem:
 login pre-depends on libpam-modules (>= 1.1.8-1)
  libpam-modules:armhf is unpacked, but has never been configured.

dpkg: warning: ignoring pre-dependency problem!
Preparing to unpack .../login_1%3a4.2-3.1ubuntu5_armhf.deb ...
Unpacking login (1:4.2-3.1ubuntu5) ...
Selecting previously unselected package lsb-base.
Preparing to unpack .../lsb-base_9.20160110_all.deb ...
Unpacking lsb-base (9.20160110) ...
Selecting previously unselected package makedev.
Preparing to unpack .../makedev_2.3.1-93ubuntu1_all.deb ...
Unpacking makedev (2.3.1-93ubuntu1) ...
Preparing to unpack .../mawk_1.3.3-17ubuntu2_armhf.deb ...
Unpacking mawk (1.3.3-17ubuntu2) over (1.3.3-17ubuntu2) ...
Selecting previously unselected package mount.
dpkg: regarding .../mount_2.27.1-6ubuntu3_armhf.deb containing mount, pre-dependency problem:
 mount pre-depends on libblkid1 (>= 2.17.2)
  libblkid1:armhf is unpacked, but has never been configured.

dpkg: warning: ignoring pre-dependency problem!
dpkg: regarding .../mount_2.27.1-6ubuntu3_armhf.deb containing mount, pre-dependency problem:
 mount pre-depends on libmount1 (>= 2.25)
  libmount1:armhf is unpacked, but has never been configured.

dpkg: warning: ignoring pre-dependency problem!
dpkg: regarding .../mount_2.27.1-6ubuntu3_armhf.deb containing mount, pre-dependency problem:
 mount pre-depends on libsmartcols1 (>= 2.27~rc1)
  libsmartcols1:armhf is unpacked, but has never been configured.

dpkg: warning: ignoring pre-dependency problem!
dpkg: regarding .../mount_2.27.1-6ubuntu3_armhf.deb containing mount, pre-dependency problem:
 mount pre-depends on libudev1 (>= 183)
  libudev1:armhf is unpacked, but has never been configured.

dpkg: warning: ignoring pre-dependency problem!
Preparing to unpack .../mount_2.27.1-6ubuntu3_armhf.deb ...
Unpacking mount (2.27.1-6ubuntu3) ...
Selecting previously unselected package multiarch-support.
Preparing to unpack .../multiarch-support_2.23-0ubuntu3_armhf.deb ...
Unpacking multiarch-support (2.23-0ubuntu3) ...
Selecting previously unselected package ncurses-base.
Preparing to unpack .../ncurses-base_6.0+20160213-1ubuntu1_all.deb ...
Unpacking ncurses-base (6.0+20160213-1ubuntu1) ...
Selecting previously unselected package ncurses-bin.
dpkg: regarding .../ncurses-bin_6.0+20160213-1ubuntu1_armhf.deb containing ncurses-bin, pre-dependency problem:
 ncurses-bin pre-depends on libtinfo5 (>= 6.0+20151017)
  libtinfo5:armhf is unpacked, but has never been configured.

dpkg: warning: ignoring pre-dependency problem!
dpkg: regarding .../ncurses-bin_6.0+20160213-1ubuntu1_armhf.deb containing ncurses-bin, pre-dependency problem:
 ncurses-bin pre-depends on libtinfo5 (<< 6.1~)
  libtinfo5:armhf is unpacked, but has never been configured.

dpkg: warning: ignoring pre-dependency problem!
Preparing to unpack .../ncurses-bin_6.0+20160213-1ubuntu1_armhf.deb ...
Unpacking ncurses-bin (6.0+20160213-1ubuntu1) ...
Selecting previously unselected package passwd.
Preparing to unpack .../passwd_1%3a4.2-3.1ubuntu5_armhf.deb ...
Unpacking passwd (1:4.2-3.1ubuntu5) ...
Preparing to unpack .../perl-base_5.22.1-9_armhf.deb ...
Unpacking perl-base (5.22.1-9) over (5.22.1-9) ...
Selecting previously unselected package procps.
Preparing to unpack .../procps_2%3a3.3.10-4ubuntu2_armhf.deb ...
Unpacking procps (2:3.3.10-4ubuntu2) ...
Selecting previously unselected package sed.
dpkg: regarding .../archives/sed_4.2.2-7_armhf.deb containing sed, pre-dependency problem:
 sed pre-depends on libselinux1 (>= 1.32)
  libselinux1:armhf is unpacked, but has never been configured.

dpkg: warning: ignoring pre-dependency problem!
Preparing to unpack .../archives/sed_4.2.2-7_armhf.deb ...
Unpacking sed (4.2.2-7) ...
Selecting previously unselected package sensible-utils.
Preparing to unpack .../sensible-utils_0.0.9_all.deb ...
Unpacking sensible-utils (0.0.9) ...
Selecting previously unselected package systemd.
dpkg: regarding .../systemd_229-4ubuntu4_armhf.deb containing systemd, pre-dependency problem:
 systemd pre-depends on libgcc1 (>= 1:3.5)
  libgcc1:armhf is unpacked, but has never been configured.

dpkg: warning: ignoring pre-dependency problem!
dpkg: regarding .../systemd_229-4ubuntu4_armhf.deb containing systemd, pre-dependency problem:
 systemd pre-depends on libgcrypt20 (>= 1.6.1)
  libgcrypt20:armhf is unpacked, but has never been configured.

dpkg: warning: ignoring pre-dependency problem!
dpkg: regarding .../systemd_229-4ubuntu4_armhf.deb containing systemd, pre-dependency problem:
 systemd pre-depends on liblzma5 (>= 5.1.1alpha+20120614)
  liblzma5:armhf is unpacked, but has never been configured.

dpkg: warning: ignoring pre-dependency problem!
dpkg: regarding .../systemd_229-4ubuntu4_armhf.deb containing systemd, pre-dependency problem:
 systemd pre-depends on libselinux1 (>= 1.32)
  libselinux1:armhf is unpacked, but has never been configured.

dpkg: warning: ignoring pre-dependency problem!
Preparing to unpack .../systemd_229-4ubuntu4_armhf.deb ...
Unpacking systemd (229-4ubuntu4) ...
Selecting previously unselected package systemd-sysv.
dpkg: regarding .../systemd-sysv_229-4ubuntu4_armhf.deb containing systemd-sysv, pre-dependency problem:
 systemd-sysv pre-depends on systemd
  systemd is unpacked, but has never been configured.

dpkg: warning: ignoring pre-dependency problem!
Preparing to unpack .../systemd-sysv_229-4ubuntu4_armhf.deb ...
Unpacking systemd-sysv (229-4ubuntu4) ...
Selecting previously unselected package sysv-rc.
dpkg: regarding .../sysv-rc_2.88dsf-59.3ubuntu2_all.deb containing sysv-rc, pre-dependency problem:
 sysv-rc pre-depends on init-system-helpers (>= 1.25~)
  init-system-helpers is unpacked, but has never been configured.

dpkg: warning: ignoring pre-dependency problem!
Preparing to unpack .../sysv-rc_2.88dsf-59.3ubuntu2_all.deb ...
Unpacking sysv-rc (2.88dsf-59.3ubuntu2) ...
Selecting previously unselected package sysvinit-utils.
Preparing to unpack .../sysvinit-utils_2.88dsf-59.3ubuntu2_armhf.deb ...
Unpacking sysvinit-utils (2.88dsf-59.3ubuntu2) ...
Selecting previously unselected package tar.
dpkg: regarding .../tar_1.28-2.1_armhf.deb containing tar, pre-dependency problem:
 tar pre-depends on libacl1 (>= 2.2.51-8)
  libacl1:armhf is unpacked, but has never been configured.

dpkg: warning: ignoring pre-dependency problem!
dpkg: regarding .../tar_1.28-2.1_armhf.deb containing tar, pre-dependency problem:
 tar pre-depends on libselinux1 (>= 1.32)
  libselinux1:armhf is unpacked, but has never been configured.

dpkg: warning: ignoring pre-dependency problem!
Preparing to unpack .../tar_1.28-2.1_armhf.deb ...
Unpacking tar (1.28-2.1) ...
Selecting previously unselected package tzdata.
Preparing to unpack .../tzdata_2016d-0ubuntu0.16.04_all.deb ...
Unpacking tzdata (2016d-0ubuntu0.16.04) ...
Selecting previously unselected package util-linux.
dpkg: regarding .../util-linux_2.27.1-6ubuntu3_armhf.deb containing util-linux, pre-dependency problem:
 util-linux pre-depends on libblkid1 (>= 2.25)
  libblkid1:armhf is unpacked, but has never been configured.

dpkg: warning: ignoring pre-dependency problem!
dpkg: regarding .../util-linux_2.27.1-6ubuntu3_armhf.deb containing util-linux, pre-dependency problem:
 util-linux pre-depends on libfdisk1 (>= 2.27~rc1)
  libfdisk1:armhf is unpacked, but has never been configured.

dpkg: warning: ignoring pre-dependency problem!
dpkg: regarding .../util-linux_2.27.1-6ubuntu3_armhf.deb containing util-linux, pre-dependency problem:
 util-linux pre-depends on libmount1 (>= 2.25)
  libmount1:armhf is unpacked, but has never been configured.

dpkg: warning: ignoring pre-dependency problem!
dpkg: regarding .../util-linux_2.27.1-6ubuntu3_armhf.deb containing util-linux, pre-dependency problem:
 util-linux pre-depends on libncursesw5 (>= 6)
  libncursesw5:armhf is unpacked, but has never been configured.

dpkg: warning: ignoring pre-dependency problem!
dpkg: regarding .../util-linux_2.27.1-6ubuntu3_armhf.deb containing util-linux, pre-dependency problem:
 util-linux pre-depends on libpam0g (>= 0.99.7.1)
  libpam0g:armhf is unpacked, but has never been configured.

dpkg: warning: ignoring pre-dependency problem!
dpkg: regarding .../util-linux_2.27.1-6ubuntu3_armhf.deb containing util-linux, pre-dependency problem:
 util-linux pre-depends on libselinux1 (>= 1.32)
  libselinux1:armhf is unpacked, but has never been configured.

dpkg: warning: ignoring pre-dependency problem!
dpkg: regarding .../util-linux_2.27.1-6ubuntu3_armhf.deb containing util-linux, pre-dependency problem:
 util-linux pre-depends on libsmartcols1 (>= 2.27~rc1)
  libsmartcols1:armhf is unpacked, but has never been configured.

dpkg: warning: ignoring pre-dependency problem!
dpkg: regarding .../util-linux_2.27.1-6ubuntu3_armhf.deb containing util-linux, pre-dependency problem:
 util-linux pre-depends on libsystemd0
  libsystemd0:armhf is unpacked, but has never been configured.

dpkg: warning: ignoring pre-dependency problem!
dpkg: regarding .../util-linux_2.27.1-6ubuntu3_armhf.deb containing util-linux, pre-dependency problem:
 util-linux pre-depends on libtinfo5 (>= 6)
  libtinfo5:armhf is unpacked, but has never been configured.

dpkg: warning: ignoring pre-dependency problem!
dpkg: regarding .../util-linux_2.27.1-6ubuntu3_armhf.deb containing util-linux, pre-dependency problem:
 util-linux pre-depends on libudev1 (>= 183)
  libudev1:armhf is unpacked, but has never been configured.

dpkg: warning: ignoring pre-dependency problem!
dpkg: regarding .../util-linux_2.27.1-6ubuntu3_armhf.deb containing util-linux, pre-dependency problem:
 util-linux pre-depends on libuuid1 (>= 2.16)
  libuuid1:armhf is unpacked, but has never been configured.

dpkg: warning: ignoring pre-dependency problem!
dpkg: regarding .../util-linux_2.27.1-6ubuntu3_armhf.deb containing util-linux, pre-dependency problem:
 util-linux pre-depends on zlib1g (>= 1:1.1.4)
  zlib1g is not installed.

dpkg: warning: ignoring pre-dependency problem!
Preparing to unpack .../util-linux_2.27.1-6ubuntu3_armhf.deb ...
Unpacking util-linux (2.27.1-6ubuntu3) ...
Selecting previously unselected package zlib1g:armhf.
Preparing to unpack .../zlib1g_1%3a1.2.8.dfsg-2ubuntu4_armhf.deb ...
Unpacking zlib1g:armhf (1:1.2.8.dfsg-2ubuntu4) ...
Setting up gcc-6-base:armhf (6.0.1-0ubuntu1) ...
Setting up lsb-base (9.20160110) ...
Setting up sensible-utils (0.0.9) ...
Setting up ncurses-base (6.0+20160213-1ubuntu1) ...
Setting up libsemanage-common (2.3-1build3) ...
Setting up libaudit-common (1:2.4.5-1ubuntu2) ...
Setting up libc6:armhf (2.23-0ubuntu3) ...
Setting up libbz2-1.0:armhf (1.0.6-8) ...
Setting up libkmod2:armhf (22-1ubuntu4) ...
Setting up libgpg-error0:armhf (1.21-2ubuntu1) ...
Setting up libc-bin (2.23-0ubuntu3) ...
Setting up libseccomp2:armhf (2.2.3-3ubuntu3) ...
Setting up libapparmor1:armhf (2.10.95-0ubuntu2) ...
Setting up libdebconfclient0:armhf (0.198ubuntu1) ...
Setting up diffutils (1:3.3-3) ...
Setting up insserv (1.14.0-5ubuntu3) ...
Setting up libcomerr2:armhf (1.42.13-1ubuntu1) ...
Setting up libsepol1:armhf (2.4-2) ...
Setting up libgcc1:armhf (1:6.0.1-0ubuntu1) ...
Setting up libustr-1.0-1:armhf (1.0.4-5) ...
Setting up libsmartcols1:armhf (2.27.1-6ubuntu3) ...
Setting up libaudit1:armhf (1:2.4.5-1ubuntu2) ...
Setting up libtinfo5:armhf (6.0+20160213-1ubuntu1) ...
Setting up libudev1:armhf (229-4ubuntu4) ...
Setting up libss2:armhf (1.42.13-1ubuntu1) ...
Setting up base-passwd (3.5.39) ...
Setting up e2fslibs:armhf (1.42.13-1ubuntu1) ...
Setting up debianutils (4.7) ...
Setting up libgcrypt20:armhf (1.6.5-2) ...
Setting up libncursesw5:armhf (6.0+20160213-1ubuntu1) ...
Setting up libdb5.3:armhf (5.3.28-11) ...
Setting up zlib1g:armhf (1:1.2.8.dfsg-2ubuntu4) ...
Setting up hostname (3.16ubuntu2) ...
Setting up multiarch-support (2.23-0ubuntu3) ...
Setting up mawk (1.3.3-17ubuntu2) ...
Setting up libcap2:armhf (1:2.24-12) ...
Setting up libpcre3:armhf (2:8.38-3.1) ...
Setting up base-files (9.4ubuntu4) ...
Setting up libselinux1:armhf (2.4-3build2) ...
Setting up findutils (4.6.0+git+20160126-2) ...
Setting up ncurses-bin (6.0+20160213-1ubuntu1) ...
Setting up libncurses5:armhf (6.0+20160213-1ubuntu1) ...
Setting up makedev (2.3.1-93ubuntu1) ...
Setting up libattr1:armhf (1:2.4.47-2) ...
Setting up liblzma5:armhf (5.1.1alpha+20120614-2ubuntu2) ...
Setting up libcap2-bin (1:2.24-12) ...
Setting up libsystemd0:armhf (229-4ubuntu4) ...
Setting up libdevmapper1.02.1:armhf (2:1.02.110-1ubuntu10) ...
Setting up libsemanage1:armhf (2.3-1build3) ...
Setting up libacl1:armhf (2.2.52-3) ...
Setting up libprocps4:armhf (2:3.3.10-4ubuntu2) ...
Setting up bsdutils (1:2.27.1-6ubuntu3) ...
Setting up coreutils (8.25-2ubuntu2) ...
Setting up tar (1.28-2.1) ...
update-alternatives: using /usr/sbin/rmt-tar to provide /usr/sbin/rmt (rmt) in auto mode
Setting up dpkg (1.18.4ubuntu1) ...
Setting up sed (4.2.2-7) ...
Setting up perl-base (5.22.1-9) ...
Setting up grep (2.24-1) ...
Setting up debconf (1.5.58ubuntu1) ...
Setting up tzdata (2016d-0ubuntu0.16.04) ...

Current default time zone: 'Etc/UTC'
Local time is now:      Mon Jun 19 03:48:07 UTC 2017.
Universal Time is now:  Mon Jun 19 03:48:07 UTC 2017.
Run 'dpkg-reconfigure tzdata' if you wish to change it.

Setting up gzip (1.6-4ubuntu1) ...
Setting up dash (0.5.8-2.1ubuntu2) ...
Setting up init-system-helpers (1.29ubuntu1) ...
Setting up sysvinit-utils (2.88dsf-59.3ubuntu2) ...
Setting up sysv-rc (2.88dsf-59.3ubuntu2) ...
Setting up libpam0g:armhf (1.1.8-3.2ubuntu2) ...
Setting up initscripts (2.88dsf-59.3ubuntu2) ...
Running in chroot, ignoring request.
invoke-rc.d: policy-rc.d denied execution of start.
Setting up locales (2.23-0ubuntu3) ...
Generating locales (this might take a while)...
Generation complete.
Setting up libpam-modules-bin (1.1.8-3.2ubuntu2) ...
Setting up bash (4.3-14ubuntu1) ...
/bin/bash: warning: setlocale: LC_ALL: cannot change locale (en_US.UTF-8)
update-alternatives: using /usr/share/man/man7/bash-builtins.7.gz to provide /usr/share/man/man7/builtins.7.gz (builtins.7.gz) in auto mode
Setting up procps (2:3.3.10-4ubuntu2) ...
update-alternatives: using /usr/bin/w.procps to provide /usr/bin/w (w) in auto mode
update-rc.d: warning: start and stop actions are no longer supported; falling back to defaults
Running in chroot, ignoring request.
invoke-rc.d: policy-rc.d denied execution of start.
Setting up libpam-modules:armhf (1.1.8-3.2ubuntu2) ...
Setting up libpam-runtime (1.1.8-3.2ubuntu2) ...
Setting up passwd (1:4.2-3.1ubuntu5) ...
Shadow passwords are now on.
Setting up login (1:4.2-3.1ubuntu5) ...
Setting up adduser (3.113+nmu3ubuntu4) ...
Setting up libuuid1:armhf (2.27.1-6ubuntu3) ...
Setting up libblkid1:armhf (2.27.1-6ubuntu3) ...
Setting up libmount1:armhf (2.27.1-6ubuntu3) ...
Setting up libcryptsetup4:armhf (2:1.6.6-5ubuntu2) ...
Setting up mount (2.27.1-6ubuntu3) ...
Setting up libfdisk1:armhf (2.27.1-6ubuntu3) ...
Setting up util-linux (2.27.1-6ubuntu3) ...
update-alternatives: using /bin/more to provide /usr/bin/pager (pager) in auto mode
Setting up e2fsprogs (1.42.13-1ubuntu1) ...
Setting up systemd (229-4ubuntu4) ...
Created symlink /etc/systemd/system/getty.target.wants/getty@tty1.service, pointing to /lib/systemd/system/getty@.service.
Created symlink /etc/systemd/system/multi-user.target.wants/remote-fs.target, pointing to /lib/systemd/system/remote-fs.target.
Created symlink /etc/systemd/system/sysinit.target.wants/systemd-timesyncd.service, pointing to /lib/systemd/system/systemd-timesyncd.service.
Initializing machine ID from random generator.
Adding group `systemd-journal' (GID 101) ...
Done.
Setting up systemd-sysv (229-4ubuntu4) ...
Setting up init (1.29ubuntu1) ...
Processing triggers for libc-bin (2.23-0ubuntu3) ...
perl: warning: Setting locale failed.
perl: warning: Please check that your locale settings:
	LANGUAGE = "en_US.UTF-8",
	LC_ALL = "en_US.UTF-8",
	LANG = "C"
    are supported and installed on your system.
perl: warning: Falling back to the standard locale ("C").
dpkg: warning: package not in database at line 100: busybox
dpkg: warning: package not in database at line 106: cpufrequtils
dpkg: warning: package not in database at line 109: devmem2
dpkg: warning: package not in database at line 122: hexedit
dpkg: warning: package not in database at line 122: hostapd
dpkg: warning: package not in database at line 122: i2c-tools
dpkg: warning: package not in database at line 151: libcpufreq0
dpkg: warning: package not in database at line 241: lowpan-tools
dpkg: warning: package not in database at line 243: memtester
dpkg: warning: package not in database at line 244: mtd-utils
dpkg: warning: package not in database at line 267: python-software-properties
dpkg: warning: package not in database at line 267: read-edid
dpkg: warning: package not in database at line 277: udhcpd
dpkg: warning: found unknown packages; this might mean the available database
is outdated, and needs to be updated through a frontend method
perl: warning: Setting locale failed.
perl: warning: Please check that your locale settings:
	LANGUAGE = "en_US.UTF-8",
	LC_ALL = "en_US.UTF-8",
	LANG = "C"
    are supported and installed on your system.
perl: warning: Falling back to the standard locale ("C").
perl: warning: Setting locale failed.
perl: warning: Please check that your locale settings:
	LANGUAGE = "en_US.UTF-8",
	LC_ALL = "en_US.UTF-8",
	LANG = "C"
    are supported and installed on your system.
perl: warning: Falling back to the standard locale ("C").
perl: warning: Setting locale failed.
perl: warning: Please check that your locale settings:
	LANGUAGE = "en_US.UTF-8",
	LC_ALL = "en_US.UTF-8",
	LANG = "C"
    are supported and installed on your system.
perl: warning: Falling back to the standard locale ("C").
perl: warning: Setting locale failed.
perl: warning: Please check that your locale settings:
	LANGUAGE = "en_US.UTF-8",
	LC_ALL = "en_US.UTF-8",
	LANG = "C"
    are supported and installed on your system.
perl: warning: Falling back to the standard locale ("C").
perl: warning: Setting locale failed.
perl: warning: Please check that your locale settings:
	LANGUAGE = "en_US.UTF-8",
	LC_ALL = "en_US.UTF-8",
	LANG = "C"
    are supported and installed on your system.
perl: warning: Falling back to the standard locale ("C").
perl: warning: Setting locale failed.
perl: warning: Please check that your locale settings:
	LANGUAGE = "en_US.UTF-8",
	LC_ALL = "en_US.UTF-8",
	LANG = "C"
    are supported and installed on your system.
perl: warning: Falling back to the standard locale ("C").
perl: warning: Setting locale failed.
perl: warning: Please check that your locale settings:
	LANGUAGE = "en_US.UTF-8",
	LC_ALL = "en_US.UTF-8",
	LANG = "C"
    are supported and installed on your system.
perl: warning: Falling back to the standard locale ("C").
perl: warning: Setting locale failed.
perl: warning: Please check that your locale settings:
	LANGUAGE = "en_US.UTF-8",
	LC_ALL = "en_US.UTF-8",
	LANG = "C"
    are supported and installed on your system.
perl: warning: Falling back to the standard locale ("C").
perl: warning: Setting locale failed.
perl: warning: Please check that your locale settings:
	LANGUAGE = "en_US.UTF-8",
	LC_ALL = "en_US.UTF-8",
	LANG = "C"
    are supported and installed on your system.
perl: warning: Falling back to the standard locale ("C").
perl: warning: Setting locale failed.
perl: warning: Please check that your locale settings:
	LANGUAGE = "en_US.UTF-8",
	LC_ALL = "en_US.UTF-8",
	LANG = "C"
    are supported and installed on your system.
perl: warning: Falling back to the standard locale ("C").
perl: warning: Setting locale failed.
perl: warning: Please check that your locale settings:
	LANGUAGE = "en_US.UTF-8",
	LC_ALL = "en_US.UTF-8",
	LANG = "C"
    are supported and installed on your system.
perl: warning: Falling back to the standard locale ("C").
perl: warning: Setting locale failed.
perl: warning: Please check that your locale settings:
	LANGUAGE = "en_US.UTF-8",
	LC_ALL = "en_US.UTF-8",
	LANG = "C"
    are supported and installed on your system.
perl: warning: Falling back to the standard locale ("C").
(Reading database ... 6881 files and directories currently installed.)
Preparing to unpack .../libexpat1_2.1.0-7_armhf.deb ...
Unpacking libexpat1:armhf (2.1.0-7) ...
Preparing to unpack .../libpython3.5-minimal_3.5.1-10_armhf.deb ...
Unpacking libpython3.5-minimal:armhf (3.5.1-10) ...
Preparing to unpack .../libssl1.0.0_1.0.2g-1ubuntu4_armhf.deb ...
Unpacking libssl1.0.0:armhf (1.0.2g-1ubuntu4) ...
Preparing to unpack .../python3-minimal_3.5.1-3_armhf.deb ...
Unpacking python3-minimal (3.5.1-3) ...
Preparing to unpack .../python3.5-minimal_3.5.1-10_armhf.deb ...
Unpacking python3.5-minimal (3.5.1-10) ...
Setting up libexpat1:armhf (2.1.0-7) ...
Setting up libssl1.0.0:armhf (1.0.2g-1ubuntu4) ...
Setting up libpython3.5-minimal:armhf (3.5.1-10) ...
Setting up python3.5-minimal (3.5.1-10) ...
Setting up python3-minimal (3.5.1-3) ...
Processing triggers for libc-bin (2.23-0ubuntu3) ...
perl: warning: Setting locale failed.
perl: warning: Please check that your locale settings:
	LANGUAGE = "en_US.UTF-8",
	LC_ALL = "en_US.UTF-8",
	LANG = "C"
    are supported and installed on your system.
perl: warning: Falling back to the standard locale ("C").
perl: warning: Setting locale failed.
perl: warning: Please check that your locale settings:
	LANGUAGE = "en_US.UTF-8",
	LC_ALL = "en_US.UTF-8",
	LANG = "C"
    are supported and installed on your system.
perl: warning: Falling back to the standard locale ("C").
perl: warning: Setting locale failed.
perl: warning: Please check that your locale settings:
	LANGUAGE = "en_US.UTF-8",
	LC_ALL = "en_US.UTF-8",
	LANG = "C"
    are supported and installed on your system.
perl: warning: Falling back to the standard locale ("C").
perl: warning: Setting locale failed.
perl: warning: Please check that your locale settings:
	LANGUAGE = "en_US.UTF-8",
	LC_ALL = "en_US.UTF-8",
	LANG = "C"
    are supported and installed on your system.
perl: warning: Falling back to the standard locale ("C").
perl: warning: Setting locale failed.
perl: warning: Please check that your locale settings:
	LANGUAGE = "en_US.UTF-8",
	LC_ALL = "en_US.UTF-8",
	LANG = "C"
    are supported and installed on your system.
perl: warning: Falling back to the standard locale ("C").
perl: warning: Setting locale failed.
perl: warning: Please check that your locale settings:
	LANGUAGE = "en_US.UTF-8",
	LC_ALL = "en_US.UTF-8",
	LANG = "C"
    are supported and installed on your system.
perl: warning: Falling back to the standard locale ("C").
perl: warning: Setting locale failed.
perl: warning: Please check that your locale settings:
	LANGUAGE = "en_US.UTF-8",
	LC_ALL = "en_US.UTF-8",
	LANG = "C"
    are supported and installed on your system.
perl: warning: Falling back to the standard locale ("C").
perl: warning: Setting locale failed.
perl: warning: Please check that your locale settings:
	LANGUAGE = "en_US.UTF-8",
	LC_ALL = "en_US.UTF-8",
	LANG = "C"
    are supported and installed on your system.
perl: warning: Falling back to the standard locale ("C").
perl: warning: Setting locale failed.
perl: warning: Please check that your locale settings:
	LANGUAGE = "en_US.UTF-8",
	LC_ALL = "en_US.UTF-8",
	LANG = "C"
    are supported and installed on your system.
perl: warning: Falling back to the standard locale ("C").
perl: warning: Setting locale failed.
perl: warning: Please check that your locale settings:
	LANGUAGE = "en_US.UTF-8",
	LC_ALL = "en_US.UTF-8",
	LANG = "C"
    are supported and installed on your system.
perl: warning: Falling back to the standard locale ("C").
(Reading database ... 7169 files and directories currently installed.)
Preparing to unpack .../libpython2.7-minimal_2.7.11-7ubuntu1_armhf.deb ...
Unpacking libpython2.7-minimal:armhf (2.7.11-7ubuntu1) ...
Preparing to unpack .../python-minimal_2.7.11-1_armhf.deb ...
Unpacking python-minimal (2.7.11-1) ...
Preparing to unpack .../python2.7-minimal_2.7.11-7ubuntu1_armhf.deb ...
Unpacking python2.7-minimal (2.7.11-7ubuntu1) ...
Setting up libpython2.7-minimal:armhf (2.7.11-7ubuntu1) ...
Setting up python2.7-minimal (2.7.11-7ubuntu1) ...
Setting up python-minimal (2.7.11-1) ...
(Reading database ... 7407 files and directories currently installed.)
Preparing to unpack .../acpid_1%3a2.0.26-1ubuntu2_armhf.deb ...
Unpacking acpid (1:2.0.26-1ubuntu2) ...
Preparing to unpack .../apache2_2.4.18-2ubuntu3_armhf.deb ...
Unpacking apache2 (2.4.18-2ubuntu3) ...
Preparing to unpack .../apache2-bin_2.4.18-2ubuntu3_armhf.deb ...
Unpacking apache2-bin (2.4.18-2ubuntu3) ...
Preparing to unpack .../apache2-data_2.4.18-2ubuntu3_all.deb ...
Unpacking apache2-data (2.4.18-2ubuntu3) ...
Preparing to unpack .../apache2-utils_2.4.18-2ubuntu3_armhf.deb ...
Unpacking apache2-utils (2.4.18-2ubuntu3) ...
Preparing to unpack .../apt_1.2.10ubuntu1_armhf.deb ...
Unpacking apt (1.2.10ubuntu1) ...
Preparing to unpack .../apt-utils_1.2.10ubuntu1_armhf.deb ...
Unpacking apt-utils (1.2.10ubuntu1) ...
Preparing to unpack .../avahi-daemon_0.6.32~rc+dfsg-1ubuntu2_armhf.deb ...
Unpacking avahi-daemon (0.6.32~rc+dfsg-1ubuntu2) ...
Preparing to unpack .../avahi-utils_0.6.32~rc+dfsg-1ubuntu2_armhf.deb ...
Unpacking avahi-utils (0.6.32~rc+dfsg-1ubuntu2) ...
Preparing to unpack .../bind9-host_1%3a9.10.3.dfsg.P4-8_armhf.deb ...
Unpacking bind9-host (1:9.10.3.dfsg.P4-8) ...
Preparing to unpack .../bsdmainutils_9.0.6ubuntu3_armhf.deb ...
Unpacking bsdmainutils (9.0.6ubuntu3) ...
Preparing to unpack .../btrfs-tools_4.4-1_armhf.deb ...
Unpacking btrfs-tools (4.4-1) ...
Preparing to unpack .../busybox-initramfs_1%3a1.22.0-15ubuntu1_armhf.deb ...
Unpacking busybox-initramfs (1:1.22.0-15ubuntu1) ...
Preparing to unpack .../bzip2_1.0.6-8_armhf.deb ...
Unpacking bzip2 (1.0.6-8) ...
Preparing to unpack .../ca-certificates_20160104ubuntu1_all.deb ...
Unpacking ca-certificates (20160104ubuntu1) ...
Preparing to unpack .../console-setup_1.108ubuntu15_all.deb ...
Unpacking console-setup (1.108ubuntu15) ...
Preparing to unpack .../console-setup-linux_1.108ubuntu15_all.deb ...
Unpacking console-setup-linux (1.108ubuntu15) ...
Preparing to unpack .../cpio_2.11+dfsg-5ubuntu1_armhf.deb ...
Unpacking cpio (2.11+dfsg-5ubuntu1) ...
Preparing to unpack .../cron_3.0pl1-128ubuntu2_armhf.deb ...
Unpacking cron (3.0pl1-128ubuntu2) ...
Preparing to unpack .../dbus_1.10.6-1ubuntu3_armhf.deb ...
Unpacking dbus (1.10.6-1ubuntu3) ...
Preparing to unpack .../debconf-i18n_1.5.58ubuntu1_all.deb ...
Unpacking debconf-i18n (1.5.58ubuntu1) ...
Preparing to unpack .../dh-python_2.20151103ubuntu1_all.deb ...
Unpacking dh-python (2.20151103ubuntu1) ...
Preparing to unpack .../distro-info-data_0.28_all.deb ...
Unpacking distro-info-data (0.28) ...
Preparing to unpack .../dosfstools_3.0.28-2_armhf.deb ...
Unpacking dosfstools (3.0.28-2) ...
Preparing to unpack .../eject_2.1.5+deb1+cvs20081104-13.1_armhf.deb ...
Unpacking eject (2.1.5+deb1+cvs20081104-13.1) ...
Preparing to unpack .../fbset_2.1-28_armhf.deb ...
Unpacking fbset (2.1-28) ...
Preparing to unpack .../file_1%3a5.25-2ubuntu1_armhf.deb ...
Unpacking file (1:5.25-2ubuntu1) ...
Preparing to unpack .../gcc-5-base_5.3.1-14ubuntu2_armhf.deb ...
Unpacking gcc-5-base:armhf (5.3.1-14ubuntu2) ...
Preparing to unpack .../git_1%3a2.7.4-0ubuntu1_armhf.deb ...
Unpacking git (1:2.7.4-0ubuntu1) ...
Preparing to unpack .../git-core_1%3a2.7.4-0ubuntu1_all.deb ...
Unpacking git-core (1:2.7.4-0ubuntu1) ...
Preparing to unpack .../git-man_1%3a2.7.4-0ubuntu1_all.deb ...
Unpacking git-man (1:2.7.4-0ubuntu1) ...
Preparing to unpack .../gnupg_1.4.20-1ubuntu3_armhf.deb ...
Unpacking gnupg (1.4.20-1ubuntu3) ...
Preparing to unpack .../gpgv_1.4.20-1ubuntu3_armhf.deb ...
Unpacking gpgv (1.4.20-1ubuntu3) ...
Preparing to unpack .../hdparm_9.48+ds-1_armhf.deb ...
Unpacking hdparm (9.48+ds-1) ...
Preparing to unpack .../ifupdown_0.8.10ubuntu1_armhf.deb ...
Unpacking ifupdown (0.8.10ubuntu1) ...
Preparing to unpack .../initramfs-tools_0.122ubuntu8_all.deb ...
Unpacking initramfs-tools (0.122ubuntu8) ...
Preparing to unpack .../initramfs-tools-bin_0.122ubuntu8_armhf.deb ...
Unpacking initramfs-tools-bin (0.122ubuntu8) ...
Preparing to unpack .../initramfs-tools-core_0.122ubuntu8_all.deb ...
Unpacking initramfs-tools-core (0.122ubuntu8) ...
Preparing to unpack .../iproute2_4.3.0-1ubuntu3_armhf.deb ...
Unpacking iproute2 (4.3.0-1ubuntu3) ...
Preparing to unpack .../iputils-ping_3%3a20121221-5ubuntu2_armhf.deb ...
Unpacking iputils-ping (3:20121221-5ubuntu2) ...
Preparing to unpack .../isc-dhcp-client_4.3.3-5ubuntu12_armhf.deb ...
Unpacking isc-dhcp-client (4.3.3-5ubuntu12) ...
Preparing to unpack .../isc-dhcp-common_4.3.3-5ubuntu12_armhf.deb ...
Unpacking isc-dhcp-common (4.3.3-5ubuntu12) ...
Preparing to unpack .../iso-codes_3.65-1_all.deb ...
Unpacking iso-codes (3.65-1) ...
Preparing to unpack .../kbd_1.15.5-1ubuntu4_armhf.deb ...
Unpacking kbd (1.15.5-1ubuntu4) ...
Preparing to unpack .../keyboard-configuration_1.108ubuntu15_all.deb ...
Unpacking keyboard-configuration (1.108ubuntu15) ...
Preparing to unpack .../klibc-utils_2.0.4-8ubuntu1_armhf.deb ...
Adding 'diversion of /usr/share/initramfs-tools/hooks/klibc to /usr/share/initramfs-tools/hooks/klibc^i-t by klibc-utils'
Unpacking klibc-utils (2.0.4-8ubuntu1) ...
Preparing to unpack .../kmod_22-1ubuntu4_armhf.deb ...
Unpacking kmod (22-1ubuntu4) ...
Preparing to unpack .../less_481-2.1_armhf.deb ...
Unpacking less (481-2.1) ...
Preparing to unpack .../libapr1_1.5.2-3_armhf.deb ...
Unpacking libapr1:armhf (1.5.2-3) ...
Preparing to unpack .../libaprutil1_1.5.4-1build1_armhf.deb ...
Unpacking libaprutil1:armhf (1.5.4-1build1) ...
Preparing to unpack .../libaprutil1-dbd-sqlite3_1.5.4-1build1_armhf.deb ...
Unpacking libaprutil1-dbd-sqlite3:armhf (1.5.4-1build1) ...
Preparing to unpack .../libaprutil1-ldap_1.5.4-1build1_armhf.deb ...
Unpacking libaprutil1-ldap:armhf (1.5.4-1build1) ...
Preparing to unpack .../libapt-inst2.0_1.2.10ubuntu1_armhf.deb ...
Unpacking libapt-inst2.0:armhf (1.2.10ubuntu1) ...
Preparing to unpack .../libapt-pkg5.0_1.2.10ubuntu1_armhf.deb ...
Unpacking libapt-pkg5.0:armhf (1.2.10ubuntu1) ...
Preparing to unpack .../libasn1-8-heimdal_1.7~git20150920+dfsg-4ubuntu1_armhf.deb ...
Unpacking libasn1-8-heimdal:armhf (1.7~git20150920+dfsg-4ubuntu1) ...
Preparing to unpack .../libatm1_1%3a2.5.1-1.5_armhf.deb ...
Unpacking libatm1:armhf (1:2.5.1-1.5) ...
Preparing to unpack .../libavahi-client3_0.6.32~rc+dfsg-1ubuntu2_armhf.deb ...
Unpacking libavahi-client3:armhf (0.6.32~rc+dfsg-1ubuntu2) ...
Preparing to unpack .../libavahi-common-data_0.6.32~rc+dfsg-1ubuntu2_armhf.deb ...
Unpacking libavahi-common-data:armhf (0.6.32~rc+dfsg-1ubuntu2) ...
Preparing to unpack .../libavahi-common3_0.6.32~rc+dfsg-1ubuntu2_armhf.deb ...
Unpacking libavahi-common3:armhf (0.6.32~rc+dfsg-1ubuntu2) ...
Preparing to unpack .../libavahi-core7_0.6.32~rc+dfsg-1ubuntu2_armhf.deb ...
Unpacking libavahi-core7:armhf (0.6.32~rc+dfsg-1ubuntu2) ...
Preparing to unpack .../libbind9-140_1%3a9.10.3.dfsg.P4-8_armhf.deb ...
Unpacking libbind9-140:armhf (1:9.10.3.dfsg.P4-8) ...
Preparing to unpack .../libbsd0_0.8.2-1_armhf.deb ...
Unpacking libbsd0:armhf (0.8.2-1) ...
Preparing to unpack .../libcap-ng0_0.7.7-1_armhf.deb ...
Unpacking libcap-ng0:armhf (0.7.7-1) ...
Preparing to unpack .../libcurl3-gnutls_7.47.0-1ubuntu2_armhf.deb ...
Unpacking libcurl3-gnutls:armhf (7.47.0-1ubuntu2) ...
Preparing to unpack .../libdaemon0_0.14-6_armhf.deb ...
Unpacking libdaemon0:armhf (0.14-6) ...
Preparing to unpack .../libdbus-1-3_1.10.6-1ubuntu3_armhf.deb ...
Unpacking libdbus-1-3:armhf (1.10.6-1ubuntu3) ...
Preparing to unpack .../libdns-export162_1%3a9.10.3.dfsg.P4-8_armhf.deb ...
Unpacking libdns-export162 (1:9.10.3.dfsg.P4-8) ...
Preparing to unpack .../libdns162_1%3a9.10.3.dfsg.P4-8_armhf.deb ...
Unpacking libdns162:armhf (1:9.10.3.dfsg.P4-8) ...
Preparing to unpack .../libedit2_3.1-20150325-1ubuntu2_armhf.deb ...
Unpacking libedit2:armhf (3.1-20150325-1ubuntu2) ...
Preparing to unpack .../liberror-perl_0.17-1.2_all.deb ...
Unpacking liberror-perl (0.17-1.2) ...
Preparing to unpack .../libestr0_0.1.10-1_armhf.deb ...
Unpacking libestr0 (0.1.10-1) ...
Preparing to unpack .../libffi6_3.2.1-4_armhf.deb ...
Unpacking libffi6:armhf (3.2.1-4) ...
Preparing to unpack .../libfribidi0_0.19.7-1_armhf.deb ...
Unpacking libfribidi0:armhf (0.19.7-1) ...
Preparing to unpack .../libgdbm3_1.8.3-13.1_armhf.deb ...
Unpacking libgdbm3:armhf (1.8.3-13.1) ...
Preparing to unpack .../libgeoip1_1.6.9-1_armhf.deb ...
Unpacking libgeoip1:armhf (1.6.9-1) ...
Preparing to unpack .../libgmp10_2%3a6.1.0+dfsg-2_armhf.deb ...
Unpacking libgmp10:armhf (2:6.1.0+dfsg-2) ...
Preparing to unpack .../libgnutls-openssl27_3.4.10-4ubuntu1_armhf.deb ...
Unpacking libgnutls-openssl27:armhf (3.4.10-4ubuntu1) ...
Preparing to unpack .../libgnutls30_3.4.10-4ubuntu1_armhf.deb ...
Unpacking libgnutls30:armhf (3.4.10-4ubuntu1) ...
Preparing to unpack .../libgssapi-krb5-2_1.13.2+dfsg-5_armhf.deb ...
Unpacking libgssapi-krb5-2:armhf (1.13.2+dfsg-5) ...
Preparing to unpack .../libgssapi3-heimdal_1.7~git20150920+dfsg-4ubuntu1_armhf.deb ...
Unpacking libgssapi3-heimdal:armhf (1.7~git20150920+dfsg-4ubuntu1) ...
Preparing to unpack .../libhcrypto4-heimdal_1.7~git20150920+dfsg-4ubuntu1_armhf.deb ...
Unpacking libhcrypto4-heimdal:armhf (1.7~git20150920+dfsg-4ubuntu1) ...
Preparing to unpack .../libheimbase1-heimdal_1.7~git20150920+dfsg-4ubuntu1_armhf.deb ...
Unpacking libheimbase1-heimdal:armhf (1.7~git20150920+dfsg-4ubuntu1) ...
Preparing to unpack .../libheimntlm0-heimdal_1.7~git20150920+dfsg-4ubuntu1_armhf.deb ...
Unpacking libheimntlm0-heimdal:armhf (1.7~git20150920+dfsg-4ubuntu1) ...
Preparing to unpack .../libhogweed4_3.2-1_armhf.deb ...
Unpacking libhogweed4:armhf (3.2-1) ...
Preparing to unpack .../libhx509-5-heimdal_1.7~git20150920+dfsg-4ubuntu1_armhf.deb ...
Unpacking libhx509-5-heimdal:armhf (1.7~git20150920+dfsg-4ubuntu1) ...
Preparing to unpack .../libicu55_55.1-7_armhf.deb ...
Unpacking libicu55:armhf (55.1-7) ...
Preparing to unpack .../libidn11_1.32-3ubuntu1_armhf.deb ...
Unpacking libidn11:armhf (1.32-3ubuntu1) ...
Preparing to unpack .../libisc-export160_1%3a9.10.3.dfsg.P4-8_armhf.deb ...
Unpacking libisc-export160 (1:9.10.3.dfsg.P4-8) ...
Preparing to unpack .../libisc160_1%3a9.10.3.dfsg.P4-8_armhf.deb ...
Unpacking libisc160:armhf (1:9.10.3.dfsg.P4-8) ...
Preparing to unpack .../libisccc140_1%3a9.10.3.dfsg.P4-8_armhf.deb ...
Unpacking libisccc140:armhf (1:9.10.3.dfsg.P4-8) ...
Preparing to unpack .../libisccfg140_1%3a9.10.3.dfsg.P4-8_armhf.deb ...
Unpacking libisccfg140:armhf (1:9.10.3.dfsg.P4-8) ...
Preparing to unpack .../libiw30_30~pre9-8ubuntu1_armhf.deb ...
Unpacking libiw30:armhf (30~pre9-8ubuntu1) ...
Preparing to unpack .../libjson-c2_0.11-4ubuntu2_armhf.deb ...
Unpacking libjson-c2:armhf (0.11-4ubuntu2) ...
Preparing to unpack .../libk5crypto3_1.13.2+dfsg-5_armhf.deb ...
Unpacking libk5crypto3:armhf (1.13.2+dfsg-5) ...
Preparing to unpack .../libkeyutils1_1.5.9-8ubuntu1_armhf.deb ...
Unpacking libkeyutils1:armhf (1.5.9-8ubuntu1) ...
Preparing to unpack .../libklibc_2.0.4-8ubuntu1_armhf.deb ...
Unpacking libklibc (2.0.4-8ubuntu1) ...
Preparing to unpack .../libkrb5-26-heimdal_1.7~git20150920+dfsg-4ubuntu1_armhf.deb ...
Unpacking libkrb5-26-heimdal:armhf (1.7~git20150920+dfsg-4ubuntu1) ...
Preparing to unpack .../libkrb5-3_1.13.2+dfsg-5_armhf.deb ...
Unpacking libkrb5-3:armhf (1.13.2+dfsg-5) ...
Preparing to unpack .../libkrb5support0_1.13.2+dfsg-5_armhf.deb ...
Unpacking libkrb5support0:armhf (1.13.2+dfsg-5) ...
Preparing to unpack .../libldap-2.4-2_2.4.42+dfsg-2ubuntu3_armhf.deb ...
Unpacking libldap-2.4-2:armhf (2.4.42+dfsg-2ubuntu3) ...
Preparing to unpack .../liblocale-gettext-perl_1.07-1build1_armhf.deb ...
Unpacking liblocale-gettext-perl (1.07-1build1) ...
Preparing to unpack .../liblua5.1-0_5.1.5-8ubuntu1_armhf.deb ...
Unpacking liblua5.1-0:armhf (5.1.5-8ubuntu1) ...
Preparing to unpack .../liblwres141_1%3a9.10.3.dfsg.P4-8_armhf.deb ...
Unpacking liblwres141:armhf (1:9.10.3.dfsg.P4-8) ...
Preparing to unpack .../liblz4-1_0.0~r131-2ubuntu2_armhf.deb ...
Unpacking liblz4-1:armhf (0.0~r131-2ubuntu2) ...
Preparing to unpack .../liblzo2-2_2.08-1.2_armhf.deb ...
Unpacking liblzo2-2:armhf (2.08-1.2) ...
Preparing to unpack .../libmagic1_1%3a5.25-2ubuntu1_armhf.deb ...
Unpacking libmagic1:armhf (1:5.25-2ubuntu1) ...
Preparing to unpack .../libmnl0_1.0.3-5_armhf.deb ...
Unpacking libmnl0:armhf (1.0.3-5) ...
Preparing to unpack .../libmpdec2_2.4.2-1_armhf.deb ...
Unpacking libmpdec2:armhf (2.4.2-1) ...
Preparing to unpack .../libnettle6_3.2-1_armhf.deb ...
Unpacking libnettle6:armhf (3.2-1) ...
Preparing to unpack .../libnewt0.52_0.52.18-1ubuntu2_armhf.deb ...
Unpacking libnewt0.52:armhf (0.52.18-1ubuntu2) ...
Preparing to unpack .../libnih1_1.0.3-4.3ubuntu1_armhf.deb ...
Unpacking libnih1:armhf (1.0.3-4.3ubuntu1) ...
Preparing to unpack .../libnl-3-200_3.2.27-1_armhf.deb ...
Unpacking libnl-3-200:armhf (3.2.27-1) ...
Preparing to unpack .../libnl-genl-3-200_3.2.27-1_armhf.deb ...
Unpacking libnl-genl-3-200:armhf (3.2.27-1) ...
Preparing to unpack .../libnl-route-3-200_3.2.27-1_armhf.deb ...
Unpacking libnl-route-3-200:armhf (3.2.27-1) ...
Preparing to unpack .../libp11-kit0_0.23.2-3_armhf.deb ...
Unpacking libp11-kit0:armhf (0.23.2-3) ...
Preparing to unpack .../libpcap0.8_1.7.4-2_armhf.deb ...
Unpacking libpcap0.8:armhf (1.7.4-2) ...
Preparing to unpack .../libpcsclite1_1.8.14-1ubuntu1_armhf.deb ...
Unpacking libpcsclite1:armhf (1.8.14-1ubuntu1) ...
Preparing to unpack .../libperl5.22_5.22.1-9_armhf.deb ...
Unpacking libperl5.22:armhf (5.22.1-9) ...
Preparing to unpack .../libpipeline1_1.4.1-2_armhf.deb ...
Unpacking libpipeline1:armhf (1.4.1-2) ...
Preparing to unpack .../libpng12-0_1.2.54-1ubuntu1_armhf.deb ...
Unpacking libpng12-0:armhf (1.2.54-1ubuntu1) ...
Preparing to unpack .../libpopt0_1.16-10_armhf.deb ...
Unpacking libpopt0:armhf (1.16-10) ...
Preparing to unpack .../libpython-stdlib_2.7.11-1_armhf.deb ...
Unpacking libpython-stdlib:armhf (2.7.11-1) ...
Preparing to unpack .../libpython2.7-stdlib_2.7.11-7ubuntu1_armhf.deb ...
Unpacking libpython2.7-stdlib:armhf (2.7.11-7ubuntu1) ...
Preparing to unpack .../libpython3-stdlib_3.5.1-3_armhf.deb ...
Unpacking libpython3-stdlib:armhf (3.5.1-3) ...
Preparing to unpack .../libpython3.5-stdlib_3.5.1-10_armhf.deb ...
Unpacking libpython3.5-stdlib:armhf (3.5.1-10) ...
Preparing to unpack .../libreadline6_6.3-8ubuntu2_armhf.deb ...
Unpacking libreadline6:armhf (6.3-8ubuntu2) ...
Preparing to unpack .../libroken18-heimdal_1.7~git20150920+dfsg-4ubuntu1_armhf.deb ...
Unpacking libroken18-heimdal:armhf (1.7~git20150920+dfsg-4ubuntu1) ...
Preparing to unpack .../librtmp1_2.4+20151223.gitfa8646d-1build1_armhf.deb ...
Unpacking librtmp1:armhf (2.4+20151223.gitfa8646d-1build1) ...
Preparing to unpack .../libsasl2-2_2.1.26.dfsg1-14build1_armhf.deb ...
Unpacking libsasl2-2:armhf (2.1.26.dfsg1-14build1) ...
Preparing to unpack .../libsasl2-modules-db_2.1.26.dfsg1-14build1_armhf.deb ...
Unpacking libsasl2-modules-db:armhf (2.1.26.dfsg1-14build1) ...
Preparing to unpack .../libslang2_2.3.0-2ubuntu1_armhf.deb ...
Unpacking libslang2:armhf (2.3.0-2ubuntu1) ...
Preparing to unpack .../libsqlite3-0_3.11.0-1ubuntu1_armhf.deb ...
Unpacking libsqlite3-0:armhf (3.11.0-1ubuntu1) ...
Preparing to unpack .../libstdc++6_5.3.1-14ubuntu2_armhf.deb ...
Unpacking libstdc++6:armhf (5.3.1-14ubuntu2) ...
Preparing to unpack .../libtasn1-6_4.7-3_armhf.deb ...
Unpacking libtasn1-6:armhf (4.7-3) ...
Preparing to unpack .../libtext-charwidth-perl_0.04-7build5_armhf.deb ...
Unpacking libtext-charwidth-perl (0.04-7build5) ...
Preparing to unpack .../libtext-iconv-perl_1.7-5build4_armhf.deb ...
Unpacking libtext-iconv-perl (1.7-5build4) ...
Preparing to unpack .../libtext-wrapi18n-perl_0.06-7.1_all.deb ...
Unpacking libtext-wrapi18n-perl (0.06-7.1) ...
Preparing to unpack .../libuniconf4.6_4.6.1-7_armhf.deb ...
Unpacking libuniconf4.6 (4.6.1-7) ...
Preparing to unpack .../libusb-0.1-4_2%3a0.1.12-28_armhf.deb ...
Unpacking libusb-0.1-4:armhf (2:0.1.12-28) ...
Preparing to unpack .../libusb-1.0-0_2%3a1.0.20-1_armhf.deb ...
Unpacking libusb-1.0-0:armhf (2:1.0.20-1) ...
Preparing to unpack .../libwind0-heimdal_1.7~git20150920+dfsg-4ubuntu1_armhf.deb ...
Unpacking libwind0-heimdal:armhf (1.7~git20150920+dfsg-4ubuntu1) ...
Preparing to unpack .../libwrap0_7.6.q-25_armhf.deb ...
Unpacking libwrap0:armhf (7.6.q-25) ...
Preparing to unpack .../libwvstreams4.6-base_4.6.1-7_armhf.deb ...
Unpacking libwvstreams4.6-base (4.6.1-7) ...
Preparing to unpack .../libwvstreams4.6-extras_4.6.1-7_armhf.deb ...
Unpacking libwvstreams4.6-extras (4.6.1-7) ...
Preparing to unpack .../libxml2_2.9.3+dfsg1-1_armhf.deb ...
Unpacking libxml2:armhf (2.9.3+dfsg1-1) ...
Preparing to unpack .../libxtables11_1.6.0-2ubuntu3_armhf.deb ...
Unpacking libxtables11:armhf (1.6.0-2ubuntu3) ...
Preparing to unpack .../linux-base_4.0ubuntu1_all.deb ...
Unpacking linux-base (4.0ubuntu1) ...
Preparing to unpack .../linux-firmware_1.157_all.deb ...
Unpacking linux-firmware (1.157) ...
Preparing to unpack .../logrotate_3.8.7-2ubuntu2_armhf.deb ...
Unpacking logrotate (3.8.7-2ubuntu2) ...
Preparing to unpack .../lsb-release_9.20160110_all.deb ...
Unpacking lsb-release (9.20160110) ...
Preparing to unpack .../lshw_02.17-1.1ubuntu3_armhf.deb ...
Unpacking lshw (02.17-1.1ubuntu3) ...
Preparing to unpack .../mime-support_3.59ubuntu1_all.deb ...
Unpacking mime-support (3.59ubuntu1) ...
Preparing to unpack .../nano_2.5.3-2_armhf.deb ...
Unpacking nano (2.5.3-2) ...
Preparing to unpack .../net-tools_1.60-26ubuntu1_armhf.deb ...
Unpacking net-tools (1.60-26ubuntu1) ...
Preparing to unpack .../archives/netbase_5.3_all.deb ...
Unpacking netbase (5.3) ...
Preparing to unpack .../netcat-openbsd_1.105-7ubuntu1_armhf.deb ...
Unpacking netcat-openbsd (1.105-7ubuntu1) ...
Preparing to unpack .../openssh-client_1%3a7.2p2-4_armhf.deb ...
Unpacking openssh-client (1:7.2p2-4) ...
Preparing to unpack .../openssh-server_1%3a7.2p2-4_armhf.deb ...
Unpacking openssh-server (1:7.2p2-4) ...
Preparing to unpack .../openssh-sftp-server_1%3a7.2p2-4_armhf.deb ...
Unpacking openssh-sftp-server (1:7.2p2-4) ...
Preparing to unpack .../openssl_1.0.2g-1ubuntu4_armhf.deb ...
Unpacking openssl (1.0.2g-1ubuntu4) ...
Preparing to unpack .../pastebinit_1.5-1_all.deb ...
Unpacking pastebinit (1.5-1) ...
Preparing to unpack .../perl_5.22.1-9_armhf.deb ...
Unpacking perl (5.22.1-9) ...
Preparing to unpack .../perl-modules-5.22_5.22.1-9_all.deb ...
Unpacking perl-modules-5.22 (5.22.1-9) ...
Preparing to unpack .../ppp_2.4.7-1+2ubuntu1_armhf.deb ...
Unpacking ppp (2.4.7-1+2ubuntu1) ...
Preparing to unpack .../python_2.7.11-1_armhf.deb ...
Unpacking python (2.7.11-1) ...
Preparing to unpack .../python-apt_1.1.0~beta1build1_armhf.deb ...
Unpacking python-apt (1.1.0~beta1build1) ...
Preparing to unpack .../python-apt-common_1.1.0~beta1build1_all.deb ...
Unpacking python-apt-common (1.1.0~beta1build1) ...
Preparing to unpack .../python-pycurl_7.43.0-1ubuntu1_armhf.deb ...
Unpacking python-pycurl (7.43.0-1ubuntu1) ...
Preparing to unpack .../python2.7_2.7.11-7ubuntu1_armhf.deb ...
Unpacking python2.7 (2.7.11-7ubuntu1) ...
Preparing to unpack .../python3_3.5.1-3_armhf.deb ...
Unpacking python3 (3.5.1-3) ...
Preparing to unpack .../python3.5_3.5.1-10_armhf.deb ...
Unpacking python3.5 (3.5.1-10) ...
Preparing to unpack .../readline-common_6.3-8ubuntu2_all.deb ...
Unpacking readline-common (6.3-8ubuntu2) ...
Preparing to unpack .../resolvconf_1.78ubuntu2_all.deb ...
Unpacking resolvconf (1.78ubuntu2) ...
Preparing to unpack .../rsync_3.1.1-3ubuntu1_armhf.deb ...
Unpacking rsync (3.1.1-3ubuntu1) ...
Preparing to unpack .../rsyslog_8.16.0-1ubuntu3_armhf.deb ...
Unpacking rsyslog (8.16.0-1ubuntu3) ...
Preparing to unpack .../sudo_1.8.16-0ubuntu1_armhf.deb ...
Unpacking sudo (1.8.16-0ubuntu1) ...
Preparing to unpack .../u-boot-tools_2016.01+dfsg1-2ubuntu1_armhf.deb ...
Unpacking u-boot-tools (2016.01+dfsg1-2ubuntu1) ...
Preparing to unpack .../ubuntu-keyring_2012.05.19_all.deb ...
Unpacking ubuntu-keyring (2012.05.19) ...
Preparing to unpack .../ubuntu-minimal_1.361_armhf.deb ...
Unpacking ubuntu-minimal (1.361) ...
Preparing to unpack .../archives/ucf_3.0036_all.deb ...
Moving old data out of the way
Unpacking ucf (3.0036) ...
Preparing to unpack .../udev_229-4ubuntu4_armhf.deb ...
Unpacking udev (229-4ubuntu4) ...
Preparing to unpack .../ureadahead_0.100.0-19_armhf.deb ...
Unpacking ureadahead (0.100.0-19) ...
Preparing to unpack .../usb-modeswitch_2.2.5+repack0-1ubuntu1_armhf.deb ...
Unpacking usb-modeswitch (2.2.5+repack0-1ubuntu1) ...
Preparing to unpack .../usb-modeswitch-data_20151101-1_all.deb ...
Unpacking usb-modeswitch-data (20151101-1) ...
Preparing to unpack .../usbutils_1%3a007-4_armhf.deb ...
Unpacking usbutils (1:007-4) ...
Preparing to unpack .../vim-common_2%3a7.4.1689-3ubuntu1_armhf.deb ...
Unpacking vim-common (2:7.4.1689-3ubuntu1) ...
Preparing to unpack .../vim-tiny_2%3a7.4.1689-3ubuntu1_armhf.deb ...
Unpacking vim-tiny (2:7.4.1689-3ubuntu1) ...
Preparing to unpack .../whiptail_0.52.18-1ubuntu2_armhf.deb ...
Unpacking whiptail (0.52.18-1ubuntu2) ...
Preparing to unpack .../wireless-tools_30~pre9-8ubuntu1_armhf.deb ...
Unpacking wireless-tools (30~pre9-8ubuntu1) ...
Preparing to unpack .../wpasupplicant_2.4-0ubuntu6_armhf.deb ...
Unpacking wpasupplicant (2.4-0ubuntu6) ...
Preparing to unpack .../wvdial_1.61-4.1_armhf.deb ...
Unpacking wvdial (1.61-4.1) ...
Preparing to unpack .../xkb-data_2.16-1ubuntu1_all.deb ...
Unpacking xkb-data (2.16-1ubuntu1) ...
Selecting previously unselected package busybox.
Preparing to unpack .../busybox_1%3a1.22.0-15ubuntu1_armhf.deb ...
Unpacking busybox (1:1.22.0-15ubuntu1) ...
Selecting previously unselected package cpufrequtils.
Preparing to unpack .../cpufrequtils_008-1_armhf.deb ...
Unpacking cpufrequtils (008-1) ...
Selecting previously unselected package devmem2.
Preparing to unpack .../devmem2_0.0-0ubuntu1_armhf.deb ...
Unpacking devmem2 (0.0-0ubuntu1) ...
Selecting previously unselected package hexedit.
Preparing to unpack .../hexedit_1.2.13-1build1_armhf.deb ...
Unpacking hexedit (1.2.13-1build1) ...
Selecting previously unselected package hostapd.
Preparing to unpack .../hostapd_1%3a2.4-0ubuntu6_armhf.deb ...
Unpacking hostapd (1:2.4-0ubuntu6) ...
Selecting previously unselected package i2c-tools.
Preparing to unpack .../i2c-tools_3.1.1-1_armhf.deb ...
Unpacking i2c-tools (3.1.1-1) ...
Selecting previously unselected package libcpufreq0.
Preparing to unpack .../libcpufreq0_008-1_armhf.deb ...
Unpacking libcpufreq0 (008-1) ...
Selecting previously unselected package lowpan-tools.
Preparing to unpack .../lowpan-tools_0.3-1_armhf.deb ...
Unpacking lowpan-tools (0.3-1) ...
Selecting previously unselected package memtester.
Preparing to unpack .../memtester_4.3.0-3_armhf.deb ...
Unpacking memtester (4.3.0-3) ...
Selecting previously unselected package mtd-utils.
Preparing to unpack .../mtd-utils_1%3a1.5.2-1_armhf.deb ...
Unpacking mtd-utils (1:1.5.2-1) ...
Selecting previously unselected package python-software-properties.
Preparing to unpack .../python-software-properties_0.96.20_all.deb ...
Unpacking python-software-properties (0.96.20) ...
Selecting previously unselected package read-edid.
Preparing to unpack .../read-edid_3.0.2-1_armhf.deb ...
Unpacking read-edid (3.0.2-1) ...
Selecting previously unselected package udhcpd.
Preparing to unpack .../udhcpd_1%3a1.22.0-15ubuntu1_armhf.deb ...
Unpacking udhcpd (1:1.22.0-15ubuntu1) ...
Processing triggers for systemd (229-4ubuntu4) ...
Processing triggers for libc-bin (2.23-0ubuntu3) ...
Setting up libapr1:armhf (1.5.2-3) ...
Setting up readline-common (6.3-8ubuntu2) ...
Setting up libgdbm3:armhf (1.8.3-13.1) ...
Setting up read-edid (3.0.2-1) ...
Setting up libnettle6:armhf (3.2-1) ...
Setting up git-man (1:2.7.4-0ubuntu1) ...
Setting up cpio (2.11+dfsg-5ubuntu1) ...
update-alternatives: using /bin/mt-gnu to provide /bin/mt (mt) in auto mode
Setting up libpopt0:armhf (1.16-10) ...
Setting up kmod (22-1ubuntu4) ...
Setting up libdaemon0:armhf (0.14-6) ...
Setting up libestr0 (0.1.10-1) ...
Setting up less (481-2.1) ...
locale: Cannot set LC_CTYPE to default locale: No such file or directory
locale: Cannot set LC_MESSAGES to default locale: No such file or directory
locale: Cannot set LC_ALL to default locale: No such file or directory
Setting up memtester (4.3.0-3) ...
Setting up dosfstools (3.0.28-2) ...
Setting up libisc-export160 (1:9.10.3.dfsg.P4-8) ...
Setting up liblz4-1:armhf (0.0~r131-2ubuntu2) ...
Setting up mime-support (3.59ubuntu1) ...
Setting up sudo (1.8.16-0ubuntu1) ...
Setting up iso-codes (3.65-1) ...
Setting up isc-dhcp-common (4.3.3-5ubuntu12) ...
Setting up libpcsclite1:armhf (1.8.14-1ubuntu1) ...
Setting up busybox (1:1.22.0-15ubuntu1) ...
Setting up libklibc (2.0.4-8ubuntu1) ...
Setting up gpgv (1.4.20-1ubuntu3) ...
Setting up xkb-data (2.16-1ubuntu1) ...
Setting up libsasl2-modules-db:armhf (2.1.26.dfsg1-14build1) ...
Setting up linux-base (4.0ubuntu1) ...
Setting up libxtables11:armhf (1.6.0-2ubuntu3) ...
Setting up libsasl2-2:armhf (2.1.26.dfsg1-14build1) ...
Setting up libdns-export162 (1:9.10.3.dfsg.P4-8) ...
Setting up u-boot-tools (2016.01+dfsg1-2ubuntu1) ...
Setting up apache2-data (2.4.18-2ubuntu3) ...
Setting up distro-info-data (0.28) ...
Setting up libpipeline1:armhf (1.4.1-2) ...
Setting up libroken18-heimdal:armhf (1.7~git20150920+dfsg-4ubuntu1) ...
Setting up hdparm (9.48+ds-1) ...
Setting up libgeoip1:armhf (1.6.9-1) ...
Setting up libbsd0:armhf (0.8.2-1) ...
Setting up libpng12-0:armhf (1.2.54-1ubuntu1) ...
Setting up libkrb5support0:armhf (1.13.2+dfsg-5) ...
Setting up ucf (3.0036) ...
locale: Cannot set LC_CTYPE to default locale: No such file or directory
locale: Cannot set LC_MESSAGES to default locale: No such file or directory
locale: Cannot set LC_ALL to default locale: No such file or directory
Setting up libtasn1-6:armhf (4.7-3) ...
Setting up bzip2 (1.0.6-8) ...
Setting up libmagic1:armhf (1:5.25-2ubuntu1) ...
Setting up netcat-openbsd (1.105-7ubuntu1) ...
update-alternatives: using /bin/nc.openbsd to provide /bin/nc (nc) in auto mode
Setting up rsync (3.1.1-3ubuntu1) ...
Running in chroot, ignoring request.
invoke-rc.d: policy-rc.d denied execution of restart.
Setting up usb-modeswitch-data (20151101-1) ...
Setting up hexedit (1.2.13-1build1) ...
Setting up busybox-initramfs (1:1.22.0-15ubuntu1) ...
Setting up nano (2.5.3-2) ...
update-alternatives: using /bin/nano to provide /usr/bin/editor (editor) in auto mode
update-alternatives: using /bin/nano to provide /usr/bin/pico (pico) in auto mode
Setting up libgmp10:armhf (2:6.1.0+dfsg-2) ...
Setting up acpid (1:2.0.26-1ubuntu2) ...
Running in chroot, ignoring request.
invoke-rc.d: policy-rc.d denied execution of start.
Setting up libusb-1.0-0:armhf (2:1.0.20-1) ...
Setting up perl-modules-5.22 (5.22.1-9) ...
Setting up libatm1:armhf (1:2.5.1-1.5) ...
Setting up udev (229-4ubuntu4) ...
Adding group `input' (GID 106) ...
Done.
A chroot environment has been detected, udev not started.
Setting up libtext-iconv-perl (1.7-5build4) ...
Setting up libaprutil1:armhf (1.5.4-1build1) ...
Setting up libheimbase1-heimdal:armhf (1.7~git20150920+dfsg-4ubuntu1) ...
Setting up liblwres141:armhf (1:9.10.3.dfsg.P4-8) ...
Setting up openssl (1.0.2g-1ubuntu4) ...
Setting up vim-common (2:7.4.1689-3ubuntu1) ...
Setting up libsqlite3-0:armhf (3.11.0-1ubuntu1) ...
Setting up libiw30:armhf (30~pre9-8ubuntu1) ...
Setting up libfribidi0:armhf (0.19.7-1) ...
Setting up liblocale-gettext-perl (1.07-1build1) ...
Setting up libffi6:armhf (3.2.1-4) ...
Setting up libtext-charwidth-perl (0.04-7build5) ...
Setting up initramfs-tools-bin (0.122ubuntu8) ...
Setting up libcap-ng0:armhf (0.7.7-1) ...
Setting up libkeyutils1:armhf (1.5.9-8ubuntu1) ...
Setting up bsdmainutils (9.0.6ubuntu3) ...
update-alternatives: using /usr/bin/bsd-write to provide /usr/bin/write (write) in auto mode
update-alternatives: using /usr/bin/bsd-from to provide /usr/bin/from (from) in auto mode
Setting up libnl-3-200:armhf (3.2.27-1) ...
Setting up net-tools (1.60-26ubuntu1) ...
Setting up fbset (2.1-28) ...
Setting up ca-certificates (20160104ubuntu1) ...
locale: Cannot set LC_CTYPE to default locale: No such file or directory
locale: Cannot set LC_MESSAGES to default locale: No such file or directory
locale: Cannot set LC_ALL to default locale: No such file or directory
Setting up libslang2:armhf (2.3.0-2ubuntu1) ...
Setting up cron (3.0pl1-128ubuntu2) ...
Adding group `crontab' (GID 107) ...
Done.
update-rc.d: warning: start and stop actions are no longer supported; falling back to defaults
update-rc.d: warning: stop runlevel arguments (1) do not match cron Default-Stop values (none)
Running in chroot, ignoring request.
invoke-rc.d: policy-rc.d denied execution of start.
Setting up libmnl0:armhf (1.0.3-5) ...
Setting up libusb-0.1-4:armhf (2:0.1.12-28) ...
Setting up linux-firmware (1.157) ...
Setting up libnih1:armhf (1.0.3-4.3ubuntu1) ...
Setting up logrotate (3.8.7-2ubuntu2) ...
Setting up libcpufreq0 (008-1) ...
Setting up libidn11:armhf (1.32-3ubuntu1) ...
Setting up libmpdec2:armhf (2.4.2-1) ...
Setting up ubuntu-keyring (2012.05.19) ...
Setting up libdbus-1-3:armhf (1.10.6-1ubuntu3) ...
Setting up libreadline6:armhf (6.3-8ubuntu2) ...
Setting up devmem2 (0.0-0ubuntu1) ...
Setting up gcc-5-base:armhf (5.3.1-14ubuntu2) ...
Setting up liblzo2-2:armhf (2.08-1.2) ...
Setting up libjson-c2:armhf (0.11-4ubuntu2) ...
Setting up libwrap0:armhf (7.6.q-25) ...
Setting up libavahi-common-data:armhf (0.6.32~rc+dfsg-1ubuntu2) ...
Setting up eject (2.1.5+deb1+cvs20081104-13.1) ...
Setting up libpcap0.8:armhf (1.7.4-2) ...
Setting up netbase (5.3) ...
Setting up libedit2:armhf (3.1-20150325-1ubuntu2) ...
Setting up vim-tiny (2:7.4.1689-3ubuntu1) ...
update-alternatives: using /usr/bin/vim.tiny to provide /usr/bin/rview (rview) in auto mode
update-alternatives: using /usr/bin/vim.tiny to provide /usr/bin/vi (vi) in auto mode
update-alternatives: using /usr/bin/vim.tiny to provide /usr/bin/view (view) in auto mode
update-alternatives: using /usr/bin/vim.tiny to provide /usr/bin/ex (ex) in auto mode
Setting up keyboard-configuration (1.108ubuntu15) ...
locale: Cannot set LC_CTYPE to default locale: No such file or directory
locale: Cannot set LC_MESSAGES to default locale: No such file or directory
locale: Cannot set LC_ALL to default locale: No such file or directory
locale: Cannot set LC_CTYPE to default locale: No such file or directory
locale: Cannot set LC_MESSAGES to default locale: No such file or directory
locale: Cannot set LC_ALL to default locale: No such file or directory
locale: Cannot set LC_CTYPE to default locale: No such file or directory
locale: Cannot set LC_MESSAGES to default locale: No such file or directory
locale: Cannot set LC_ALL to default locale: No such file or directory
update-rc.d: warning: start and stop actions are no longer supported; falling back to defaults
update-initramfs: deferring update (trigger activated)
Setting up libk5crypto3:armhf (1.13.2+dfsg-5) ...
Setting up udhcpd (1:1.22.0-15ubuntu1) ...
Running in chroot, ignoring request.
invoke-rc.d: policy-rc.d denied execution of start.
Setting up klibc-utils (2.0.4-8ubuntu1) ...
Setting up wireless-tools (30~pre9-8ubuntu1) ...
Setting up ppp (2.4.7-1+2ubuntu1) ...
Setting up ureadahead (0.100.0-19) ...
Setting up libwind0-heimdal:armhf (1.7~git20150920+dfsg-4ubuntu1) ...
Setting up libaprutil1-dbd-sqlite3:armhf (1.5.4-1build1) ...
Setting up initramfs-tools-core (0.122ubuntu8) ...
Setting up apache2-utils (2.4.18-2ubuntu3) ...
Setting up libasn1-8-heimdal:armhf (1.7~git20150920+dfsg-4ubuntu1) ...
Setting up btrfs-tools (4.4-1) ...
update-initramfs: deferring update (trigger activated)
Setting up libpython3.5-stdlib:armhf (3.5.1-10) ...
Setting up gnupg (1.4.20-1ubuntu3) ...
Setting up libhcrypto4-heimdal:armhf (1.7~git20150920+dfsg-4ubuntu1) ...
Setting up libnl-genl-3-200:armhf (3.2.27-1) ...
Setting up lowpan-tools (0.3-1) ...
Setting up libnl-route-3-200:armhf (3.2.27-1) ...
Setting up initramfs-tools (0.122ubuntu8) ...
update-initramfs: deferring update (trigger activated)
Setting up libperl5.22:armhf (5.22.1-9) ...
Setting up file (1:5.25-2ubuntu1) ...
Setting up usbutils (1:007-4) ...
Setting up iproute2 (4.3.0-1ubuntu3) ...
Setting up libhx509-5-heimdal:armhf (1.7~git20150920+dfsg-4ubuntu1) ...
Setting up mtd-utils (1:1.5.2-1) ...
Setting up isc-dhcp-client (4.3.3-5ubuntu12) ...
Setting up libhogweed4:armhf (3.2-1) ...
Setting up perl (5.22.1-9) ...
update-alternatives: using /usr/bin/prename to provide /usr/bin/rename (rename) in auto mode
Setting up usb-modeswitch (2.2.5+repack0-1ubuntu1) ...
Setting up libtext-wrapi18n-perl (0.06-7.1) ...
Setting up libp11-kit0:armhf (0.23.2-3) ...
Setting up libstdc++6:armhf (5.3.1-14ubuntu2) ...
Setting up libkrb5-3:armhf (1.13.2+dfsg-5) ...
Setting up liblua5.1-0:armhf (5.1.5-8ubuntu1) ...
Setting up libavahi-common3:armhf (0.6.32~rc+dfsg-1ubuntu2) ...
Setting up libkrb5-26-heimdal:armhf (1.7~git20150920+dfsg-4ubuntu1) ...
Setting up dbus (1.10.6-1ubuntu3) ...
Setting up libnewt0.52:armhf (0.52.18-1ubuntu2) ...
update-alternatives: using /etc/newt/palette.ubuntu to provide /etc/newt/palette (newt-palette) in auto mode
Setting up cpufrequtils (008-1) ...
locale: Cannot set LC_CTYPE to default locale: No such file or directory
locale: Cannot set LC_MESSAGES to default locale: No such file or directory
locale: Cannot set LC_ALL to default locale: No such file or directory
update-rc.d: warning: start and stop actions are no longer supported; falling back to defaults
Running in chroot, ignoring request.
invoke-rc.d: policy-rc.d denied execution of start.
update-rc.d: warning: start and stop actions are no longer supported; falling back to defaults
Running in chroot, ignoring request.
invoke-rc.d: policy-rc.d denied execution of start.
Setting up libheimntlm0-heimdal:armhf (1.7~git20150920+dfsg-4ubuntu1) ...
Setting up libpython2.7-stdlib:armhf (2.7.11-7ubuntu1) ...
Setting up rsyslog (8.16.0-1ubuntu3) ...
/bin/bash: warning: setlocale: LC_ALL: cannot change locale (en_US.UTF-8)
locale: Cannot set LC_CTYPE to default locale: No such file or directory
locale: Cannot set LC_MESSAGES to default locale: No such file or directory
locale: Cannot set LC_ALL to default locale: No such file or directory
/bin/bash: warning: setlocale: LC_ALL: cannot change locale (en_US.UTF-8)

Creating config file /etc/rsyslog.d/50-default.conf with new version
/bin/bash: warning: setlocale: LC_ALL: cannot change locale (en_US.UTF-8)
Adding user `syslog' to group `adm' ...
Adding user syslog to group adm
Done.
Running in chroot, ignoring request.
invoke-rc.d: policy-rc.d denied execution of start.
Setting up libavahi-core7:armhf (0.6.32~rc+dfsg-1ubuntu2) ...
Setting up python3.5 (3.5.1-10) ...
Setting up libpython3-stdlib:armhf (3.5.1-3) ...
Setting up libapt-pkg5.0:armhf (1.2.10ubuntu1) ...
Setting up libapt-inst2.0:armhf (1.2.10ubuntu1) ...
Setting up libicu55:armhf (55.1-7) ...
Setting up ifupdown (0.8.10ubuntu1) ...
Creating /etc/network/interfaces.
Setting up liberror-perl (0.17-1.2) ...
Setting up i2c-tools (3.1.1-1) ...
Setting up debconf-i18n (1.5.58ubuntu1) ...
Setting up hostapd (1:2.4-0ubuntu6) ...
Running in chroot, ignoring request.
invoke-rc.d: policy-rc.d denied execution of start.
Setting up whiptail (0.52.18-1ubuntu2) ...
Setting up libgnutls30:armhf (3.4.10-4ubuntu1) ...
Setting up wpasupplicant (2.4-0ubuntu6) ...
Setting up python2.7 (2.7.11-7ubuntu1) ...
Setting up librtmp1:armhf (2.4+20151223.gitfa8646d-1build1) ...
Setting up lshw (02.17-1.1ubuntu3) ...
Setting up libxml2:armhf (2.9.3+dfsg1-1) ...
Setting up libgssapi-krb5-2:armhf (1.13.2+dfsg-5) ...
Setting up libpython-stdlib:armhf (2.7.11-1) ...
Setting up libwvstreams4.6-base (4.6.1-7) ...
Setting up libgnutls-openssl27:armhf (3.4.10-4ubuntu1) ...
Setting up apt (1.2.10ubuntu1) ...
Setting up resolvconf (1.78ubuntu2) ...
locale: Cannot set LC_CTYPE to default locale: No such file or directory
locale: Cannot set LC_MESSAGES to default locale: No such file or directory
locale: Cannot set LC_ALL to default locale: No such file or directory
Setting up libavahi-client3:armhf (0.6.32~rc+dfsg-1ubuntu2) ...
Setting up libgssapi3-heimdal:armhf (1.7~git20150920+dfsg-4ubuntu1) ...
Setting up openssh-client (1:7.2p2-4) ...
Setting up python (2.7.11-1) ...
Setting up python-apt-common (1.1.0~beta1build1) ...
Setting up iputils-ping (3:20121221-5ubuntu2) ...
Setcap is not installed, falling back to setuid
Setting up libisc160:armhf (1:9.10.3.dfsg.P4-8) ...
Setting up apt-utils (1.2.10ubuntu1) ...
Setting up libisccc140:armhf (1:9.10.3.dfsg.P4-8) ...
Setting up openssh-sftp-server (1:7.2p2-4) ...
Setting up libwvstreams4.6-extras (4.6.1-7) ...
Setting up libldap-2.4-2:armhf (2.4.42+dfsg-2ubuntu3) ...
Setting up python-apt (1.1.0~beta1build1) ...
Setting up libuniconf4.6 (4.6.1-7) ...
Setting up libaprutil1-ldap:armhf (1.5.4-1build1) ...
Setting up libdns162:armhf (1:9.10.3.dfsg.P4-8) ...
Setting up libcurl3-gnutls:armhf (7.47.0-1ubuntu2) ...
Setting up libisccfg140:armhf (1:9.10.3.dfsg.P4-8) ...
Setting up apache2-bin (2.4.18-2ubuntu3) ...
Setting up python-pycurl (7.43.0-1ubuntu1) ...
Setting up wvdial (1.61-4.1) ...
locale: Cannot set LC_CTYPE to default locale: No such file or directory
locale: Cannot set LC_MESSAGES to default locale: No such file or directory
locale: Cannot set LC_ALL to default locale: No such file or directory

Sorry.  You can retry the autodetection at any time by running "wvdialconf".
   (Or you can create /etc/wvdial.conf yourself.)
Setting up openssh-server (1:7.2p2-4) ...
locale: Cannot set LC_CTYPE to default locale: No such file or directory
locale: Cannot set LC_MESSAGES to default locale: No such file or directory
locale: Cannot set LC_ALL to default locale: No such file or directory
Creating SSH2 RSA key; this may take some time ...
2048 SHA256:lhZEnVp0T0U2yZmP4xZjYk7TcGdSuRZ+qC8cg4czCws root@a6-imx6q-wandboard-2gb (RSA)
Creating SSH2 DSA key; this may take some time ...
1024 SHA256:akCdPxXT0GQMaVr6fInHNg60GsR/ubj1OCEf+4C73lg root@a6-imx6q-wandboard-2gb (DSA)
Creating SSH2 ECDSA key; this may take some time ...
256 SHA256:ykJPlBE3qJTWhmVbEXwWe0CGpfByHi3wx3jAlVkb8NI root@a6-imx6q-wandboard-2gb (ECDSA)
Creating SSH2 ED25519 key; this may take some time ...
256 SHA256:kuo7rlvcQjzDOUJssVpuqF6RkH+VjaAoJ25v46EB4UM root@a6-imx6q-wandboard-2gb (ED25519)
Running in chroot, ignoring request.
invoke-rc.d: policy-rc.d denied execution of start.
Setting up libbind9-140:armhf (1:9.10.3.dfsg.P4-8) ...
Setting up git (1:2.7.4-0ubuntu1) ...
Setting up bind9-host (1:9.10.3.dfsg.P4-8) ...
Setting up apache2 (2.4.18-2ubuntu3) ...
/bin/bash: warning: setlocale: LC_ALL: cannot change locale (en_US.UTF-8)
Enabling module mpm_event.
Enabling module authz_core.
Enabling module authz_host.
Enabling module authn_core.
Enabling module auth_basic.
Enabling module access_compat.
Enabling module authn_file.
Enabling module authz_user.
Enabling module alias.
Enabling module dir.
Enabling module autoindex.
Enabling module env.
Enabling module mime.
Enabling module negotiation.
Enabling module setenvif.
Enabling module filter.
Enabling module deflate.
Enabling module status.
Enabling conf charset.
Enabling conf localized-error-pages.
Enabling conf other-vhosts-access-log.
Enabling conf security.
Enabling conf serve-cgi-bin.
Enabling site 000-default.
Running in chroot, ignoring request.
invoke-rc.d: policy-rc.d denied execution of start.
Setting up avahi-daemon (0.6.32~rc+dfsg-1ubuntu2) ...
Running in chroot, ignoring request.
invoke-rc.d: policy-rc.d denied execution of force-reload.
Running in chroot, ignoring request.
invoke-rc.d: policy-rc.d denied execution of start.
Setting up avahi-utils (0.6.32~rc+dfsg-1ubuntu2) ...
Setting up git-core (1:2.7.4-0ubuntu1) ...
Setting up python3 (3.5.1-3) ...
Setting up lsb-release (9.20160110) ...
Setting up pastebinit (1.5-1) ...
Setting up kbd (1.15.5-1ubuntu4) ...
Setting up console-setup-linux (1.108ubuntu15) ...
update-alternatives: using /etc/console-setup/vtrgb to provide /etc/vtrgb (vtrgb) in auto mode
Setting up dh-python (2.20151103ubuntu1) ...
Setting up console-setup (1.108ubuntu15) ...
locale: Cannot set LC_CTYPE to default locale: No such file or directory
locale: Cannot set LC_MESSAGES to default locale: No such file or directory
locale: Cannot set LC_ALL to default locale: No such file or directory
locale: Cannot set LC_CTYPE to default locale: No such file or directory
locale: Cannot set LC_MESSAGES to default locale: No such file or directory
locale: Cannot set LC_ALL to default locale: No such file or directory
locale: Cannot set LC_CTYPE to default locale: No such file or directory
locale: Cannot set LC_MESSAGES to default locale: No such file or directory
locale: Cannot set LC_ALL to default locale: No such file or directory
update-initramfs: deferring update (trigger activated)
Setting up python-software-properties (0.96.20) ...
Setting up ubuntu-minimal (1.361) ...
Processing triggers for libc-bin (2.23-0ubuntu3) ...
Processing triggers for systemd (229-4ubuntu4) ...
Processing triggers for ca-certificates (20160104ubuntu1) ...
Updating certificates in /etc/ssl/certs...
173 added, 0 removed; done.
Running hooks in /etc/ca-certificates/update.d...
done.
Processing triggers for initramfs-tools (0.122ubuntu8) ...
Processing triggers for ureadahead (0.100.0-19) ...
Processing triggers for dbus (1.10.6-1ubuntu3) ...
Processing triggers for resolvconf (1.78ubuntu2) ...
locale: Cannot set LC_CTYPE to default locale: No such file or directory
locale: Cannot set LC_MESSAGES to default locale: No such file or directory
locale: Cannot set LC_ALL to default locale: No such file or directory
